2024-08-12 02:22:27 [main] INFO  o.s.t.c.s.AnnotationConfigContextLoaderUtils - Could not detect default configuration classes for test class [com.microservices.demo.twitter.to.kafka.service.TwitterToKafkaServiceApplicationTest]: TwitterToKafkaServiceApplicationTest does not declare any static, non-private, non-final, nested classes annotated with @Configuration.
2024-08-12 02:22:28 [main] INFO  o.s.b.t.c.SpringBootTestContextBootstrapper - Found @SpringBootConfiguration com.microservices.demo.twitter.to.kafka.service.TwitterToKafkaServiceApplication for test class com.microservices.demo.twitter.to.kafka.service.TwitterToKafkaServiceApplicationTest
2024-08-12 02:22:28 [main] INFO  c.m.d.t.t.k.s.TwitterToKafkaServiceApplicationTest - Starting TwitterToKafkaServiceApplicationTest using Java 17.0.8 with PID 31816 (started by mnonv in C:\practice\microservices-demo\twitter-to-kafka-service)
2024-08-12 02:22:28 [main] INFO  c.m.d.t.t.k.s.TwitterToKafkaServiceApplicationTest - No active profile set, falling back to 1 default profile: "default"
2024-08-12 02:22:28 [main] INFO  c.m.d.t.t.k.s.TwitterToKafkaServiceApplicationTest - Started TwitterToKafkaServiceApplicationTest in 0.775 seconds (process running for 1.97)
2024-08-12 02:22:28 [main] INFO  c.m.d.t.t.k.s.TwitterToKafkaServiceApplication - App starts....
2024-08-12 02:22:28 [main] INFO  c.m.d.t.t.k.s.TwitterToKafkaServiceApplication - [Java, Microservices, Kafka, Spring, Elasticsearch]
2024-08-12 14:26:19 [main] INFO  o.s.t.c.s.AnnotationConfigContextLoaderUtils - Could not detect default configuration classes for test class [com.microservices.demo.twitter.to.kafka.service.TwitterToKafkaServiceApplicationTest]: TwitterToKafkaServiceApplicationTest does not declare any static, non-private, non-final, nested classes annotated with @Configuration.
2024-08-12 14:26:19 [main] INFO  o.s.b.t.c.SpringBootTestContextBootstrapper - Found @SpringBootConfiguration com.microservices.demo.twitter.to.kafka.service.TwitterToKafkaServiceApplication for test class com.microservices.demo.twitter.to.kafka.service.TwitterToKafkaServiceApplicationTest
2024-08-12 14:26:19 [main] INFO  c.m.d.t.t.k.s.TwitterToKafkaServiceApplicationTest - Starting TwitterToKafkaServiceApplicationTest using Java 17.0.8 with PID 5648 (started by mnonv in C:\practice\microservices-demo\twitter-to-kafka-service)
2024-08-12 14:26:19 [main] INFO  c.m.d.t.t.k.s.TwitterToKafkaServiceApplicationTest - No active profile set, falling back to 1 default profile: "default"
2024-08-12 14:26:20 [main] INFO  c.m.d.t.t.k.s.TwitterToKafkaServiceApplicationTest - Started TwitterToKafkaServiceApplicationTest in 0.804 seconds (process running for 1.978)
2024-08-12 14:26:20 [main] INFO  c.m.d.t.t.k.s.TwitterToKafkaServiceApplication - App starts....
2024-08-12 14:26:20 [main] INFO  c.m.d.t.t.k.s.TwitterToKafkaServiceApplication - [Java, Microservices, Kafka, Spring, Elasticsearch]
2024-08-12 14:26:20 [main] INFO  c.m.d.t.t.k.s.TwitterToKafkaServiceApplication - Hello Microservices
2024-08-12 14:26:20 [main] INFO  c.m.d.t.t.k.s.r.i.TwitterKafkaStreamRunner - Strating mock flitering twitter streams for keywords [Java, Microservices, Kafka, Spring, Elasticsearch]
2024-08-12 14:26:20 [pool-3-thread-1] ERROR c.m.d.t.t.k.s.r.i.TwitterKafkaStreamRunner - Error creating twitter status
twitter4j.TwitterException: Value 4064176854522506673 at user of type java.lang.String cannot be converted to JSONObject
	at twitter4j.StatusJSONImpl.init(StatusJSONImpl.java:194)
	at twitter4j.StatusJSONImpl.<init>(StatusJSONImpl.java:91)
	at twitter4j.TwitterObjectFactory.createStatus(TwitterObjectFactory.java:55)
	at com.microservices.demo.twitter.to.kafka.service.runner.impl.MockKafkaStreamRunner.lambda$simulateTwitterStream$0(MockKafkaStreamRunner.java:97)
	at java.base/java.util.concurrent.Executors$RunnableAdapter.call(Executors.java:539)
	at java.base/java.util.concurrent.FutureTask.run(FutureTask.java:264)
	at java.base/java.util.concurrent.ThreadPoolExecutor.runWorker(ThreadPoolExecutor.java:1136)
	at java.base/java.util.concurrent.ThreadPoolExecutor$Worker.run(ThreadPoolExecutor.java:635)
	at java.base/java.lang.Thread.run(Thread.java:833)
Caused by: twitter4j.JSONException: Value 4064176854522506673 at user of type java.lang.String cannot be converted to JSONObject
	at twitter4j.JSON.typeMismatch(JSON.java:100)
	at twitter4j.JSONObject.getJSONObject(JSONObject.java:718)
	at twitter4j.StatusJSONImpl.init(StatusJSONImpl.java:114)
	... 8 common frames omitted
2024-08-12 14:29:37 [main] INFO  o.s.t.c.s.AnnotationConfigContextLoaderUtils - Could not detect default configuration classes for test class [com.microservices.demo.twitter.to.kafka.service.TwitterToKafkaServiceApplicationTest]: TwitterToKafkaServiceApplicationTest does not declare any static, non-private, non-final, nested classes annotated with @Configuration.
2024-08-12 14:29:37 [main] INFO  o.s.b.t.c.SpringBootTestContextBootstrapper - Found @SpringBootConfiguration com.microservices.demo.twitter.to.kafka.service.TwitterToKafkaServiceApplication for test class com.microservices.demo.twitter.to.kafka.service.TwitterToKafkaServiceApplicationTest
2024-08-12 14:29:37 [main] INFO  c.m.d.t.t.k.s.TwitterToKafkaServiceApplicationTest - Starting TwitterToKafkaServiceApplicationTest using Java 17.0.8 with PID 20612 (started by mnonv in C:\practice\microservices-demo\twitter-to-kafka-service)
2024-08-12 14:29:37 [main] INFO  c.m.d.t.t.k.s.TwitterToKafkaServiceApplicationTest - No active profile set, falling back to 1 default profile: "default"
2024-08-12 14:29:38 [main] INFO  c.m.d.t.t.k.s.TwitterToKafkaServiceApplicationTest - Started TwitterToKafkaServiceApplicationTest in 0.714 seconds (process running for 1.712)
2024-08-12 14:29:38 [main] INFO  c.m.d.t.t.k.s.TwitterToKafkaServiceApplication - App starts....
2024-08-12 14:29:38 [main] INFO  c.m.d.t.t.k.s.TwitterToKafkaServiceApplication - [Java, Microservices, Kafka, Spring, Elasticsearch]
2024-08-12 14:29:38 [main] INFO  c.m.d.t.t.k.s.TwitterToKafkaServiceApplication - Hello Microservices
2024-08-12 14:29:38 [main] INFO  c.m.d.t.t.k.s.r.i.TwitterKafkaStreamRunner - Strating mock flitering twitter streams for keywords [Java, Microservices, Kafka, Spring, Elasticsearch]
2024-08-12 14:29:38 [pool-3-thread-1] INFO  c.m.d.t.t.k.s.l.TwitterKafkaStatusListener - Twitter status with text nisi ut sit Sed adipiscing elit adipiscing fringilla Elasticsearch Lorem amet nisi Lorem amet venenatis
2024-08-12 19:21:41 [main] INFO  o.s.t.c.s.AnnotationConfigContextLoaderUtils - Could not detect default configuration classes for test class [com.microservices.demo.twitter.to.kafka.service.TwitterToKafkaServiceApplicationTest]: TwitterToKafkaServiceApplicationTest does not declare any static, non-private, non-final, nested classes annotated with @Configuration.
2024-08-12 19:21:41 [main] INFO  o.s.b.t.c.SpringBootTestContextBootstrapper - Found @SpringBootConfiguration com.microservices.demo.twitter.to.kafka.service.TwitterToKafkaServiceApplication for test class com.microservices.demo.twitter.to.kafka.service.TwitterToKafkaServiceApplicationTest
2024-08-12 19:21:42 [main] INFO  c.m.d.t.t.k.s.TwitterToKafkaServiceApplicationTest - Starting TwitterToKafkaServiceApplicationTest using Java 17.0.8 with PID 5852 (started by mnonv in C:\practice\microservices-demo\twitter-to-kafka-service)
2024-08-12 19:21:42 [main] INFO  c.m.d.t.t.k.s.TwitterToKafkaServiceApplicationTest - No active profile set, falling back to 1 default profile: "default"
2024-08-12 19:21:43 [main] INFO  c.m.d.t.t.k.s.TwitterToKafkaServiceApplicationTest - Started TwitterToKafkaServiceApplicationTest in 1.252 seconds (process running for 2.717)
2024-08-12 19:21:43 [main] INFO  c.m.d.t.t.k.s.TwitterToKafkaServiceApplication - App starts....
2024-08-12 19:21:43 [main] INFO  c.m.d.t.t.k.s.TwitterToKafkaServiceApplication - [Java, Microservices, Kafka, Spring, Elasticsearch]
2024-08-12 19:21:43 [main] INFO  c.m.d.t.t.k.s.TwitterToKafkaServiceApplication - Hello Microservices
2024-08-12 19:21:43 [main] INFO  c.m.d.t.t.k.s.r.i.TwitterKafkaStreamRunner - Strating mock flitering twitter streams for keywords [Java, Microservices, Kafka, Spring, Elasticsearch]
2024-08-12 19:21:43 [pool-3-thread-1] INFO  c.m.d.t.t.k.s.l.TwitterKafkaStatusListener - Twitter status with text elit Sed ut nisi dolor Elasticsearch consectetur Cras Lorem Sed
