2024-08-17 18:53:05 [background-preinit] INFO  o.h.validator.internal.util.Version - HV000001: Hibernate Validator 8.0.1.Final
2024-08-17 18:53:05 [main] INFO  c.m.demo.config.server.ConfigServer - Starting ConfigServer using Java 17.0.8 with PID 8284 (C:\practice\microservices-demo\config-server\target\classes started by mnonv in C:\practice\microservices-demo)
2024-08-17 18:53:05 [main] INFO  c.m.demo.config.server.ConfigServer - No active profile set, falling back to 1 default profile: "default"
2024-08-17 18:53:06 [main] INFO  o.s.cloud.context.scope.GenericScope - BeanFactory id=ced77bf4-1d38-3262-bc4a-1393cb95cee0
2024-08-17 18:53:06 [main] INFO  o.s.b.w.e.tomcat.TomcatWebServer - Tomcat initialized with port 8888 (http)
2024-08-17 18:53:06 [main] INFO  o.a.coyote.http11.Http11NioProtocol - Initializing ProtocolHandler ["http-nio-8888"]
2024-08-17 18:53:06 [main] INFO  o.a.catalina.core.StandardService - Starting service [Tomcat]
2024-08-17 18:53:06 [main] INFO  o.a.catalina.core.StandardEngine - Starting Servlet engine: [Apache Tomcat/10.1.26]
2024-08-17 18:53:06 [main] INFO  o.a.c.c.C.[Tomcat].[localhost].[/] - Initializing Spring embedded WebApplicationContext
2024-08-17 18:53:06 [main] INFO  o.s.b.w.s.c.ServletWebServerApplicationContext - Root WebApplicationContext: initialization completed in 1138 ms
2024-08-17 18:53:08 [main] INFO  o.s.cloud.commons.util.InetUtils - Cannot determine local hostname
2024-08-17 18:53:08 [main] WARN  o.s.b.w.s.c.AnnotationConfigServletWebServerApplicationContext - Exception encountered during context initialization - cancelling refresh attempt: org.springframework.beans.factory.BeanCreationException: Error creating bean with name 'defaultEnvironmentRepository' defined in class path resource [org/springframework/cloud/config/server/config/DefaultRepositoryConfiguration.class]: You need to configure a uri for the git repository.
2024-08-17 18:53:08 [main] INFO  o.a.catalina.core.StandardService - Stopping service [Tomcat]
2024-08-17 18:53:08 [main] INFO  o.s.b.a.l.ConditionEvaluationReportLogger - 

Error starting ApplicationContext. To display the condition evaluation report re-run your application with 'debug' enabled.
2024-08-17 18:53:08 [main] ERROR o.s.b.d.LoggingFailureAnalysisReporter - 

***************************
APPLICATION FAILED TO START
***************************

Description:

Invalid config server configuration.

Action:

If you are using the git profile, you need to set a Git URI in your configuration.  If you have set spring.cloud.config.server.bootstrap=true, you need to use a composite configuration.

2024-08-17 18:54:48 [background-preinit] INFO  o.h.validator.internal.util.Version - HV000001: Hibernate Validator 8.0.1.Final
2024-08-17 18:54:48 [main] INFO  c.m.demo.config.server.ConfigServer - Starting ConfigServer using Java 17.0.8 with PID 2272 (C:\practice\microservices-demo\config-server\target\classes started by mnonv in C:\practice\microservices-demo)
2024-08-17 18:54:48 [main] INFO  c.m.demo.config.server.ConfigServer - No active profile set, falling back to 1 default profile: "default"
2024-08-17 18:54:49 [main] INFO  o.s.cloud.context.scope.GenericScope - BeanFactory id=ced77bf4-1d38-3262-bc4a-1393cb95cee0
2024-08-17 18:54:49 [main] INFO  o.s.b.w.e.tomcat.TomcatWebServer - Tomcat initialized with port 8888 (http)
2024-08-17 18:54:49 [main] INFO  o.a.coyote.http11.Http11NioProtocol - Initializing ProtocolHandler ["http-nio-8888"]
2024-08-17 18:54:49 [main] INFO  o.a.catalina.core.StandardService - Starting service [Tomcat]
2024-08-17 18:54:49 [main] INFO  o.a.catalina.core.StandardEngine - Starting Servlet engine: [Apache Tomcat/10.1.26]
2024-08-17 18:54:49 [main] INFO  o.a.c.c.C.[Tomcat].[localhost].[/] - Initializing Spring embedded WebApplicationContext
2024-08-17 18:54:49 [main] INFO  o.s.b.w.s.c.ServletWebServerApplicationContext - Root WebApplicationContext: initialization completed in 896 ms
2024-08-17 18:54:50 [main] INFO  o.s.cloud.commons.util.InetUtils - Cannot determine local hostname
2024-08-17 18:54:53 [main] INFO  o.a.coyote.http11.Http11NioProtocol - Starting ProtocolHandler ["http-nio-8888"]
2024-08-17 18:54:53 [main] INFO  o.s.b.w.e.tomcat.TomcatWebServer - Tomcat started on port 8888 (http) with context path '/'
2024-08-17 18:54:54 [main] INFO  o.s.cloud.commons.util.InetUtils - Cannot determine local hostname
2024-08-17 18:54:54 [main] INFO  c.m.demo.config.server.ConfigServer - Started ConfigServer in 7.221 seconds (process running for 7.851)
2024-08-17 19:02:19 [http-nio-8888-exec-5] INFO  o.a.c.c.C.[Tomcat].[localhost].[/] - Initializing Spring DispatcherServlet 'dispatcherServlet'
2024-08-17 19:02:19 [http-nio-8888-exec-5] INFO  o.s.web.servlet.DispatcherServlet - Initializing Servlet 'dispatcherServlet'
2024-08-17 19:02:19 [http-nio-8888-exec-5] INFO  o.s.web.servlet.DispatcherServlet - Completed initialization in 1 ms
2024-08-17 19:02:20 [http-nio-8888-exec-5] INFO  o.s.c.c.s.e.NativeEnvironmentRepository - Adding property source: Config resource 'file [C:\Users\mnonv\AppData\Local\Temp\config-repo-8661823213971273661\config-client.yml]' via location 'file:/C:/Users/mnonv/AppData/Local/Temp/config-repo-8661823213971273661/'
2024-08-17 19:02:21 [http-nio-8888-exec-3] INFO  o.s.c.c.s.e.NativeEnvironmentRepository - Adding property source: Config resource 'file [C:\Users\mnonv\AppData\Local\Temp\config-repo-8661823213971273661\config-client-twitter_to_kafka.yml]' via location 'file:/C:/Users/mnonv/AppData/Local/Temp/config-repo-8661823213971273661/'
2024-08-17 19:02:21 [http-nio-8888-exec-3] INFO  o.s.c.c.s.e.NativeEnvironmentRepository - Adding property source: Config resource 'file [C:\Users\mnonv\AppData\Local\Temp\config-repo-8661823213971273661\config-client.yml]' via location 'file:/C:/Users/mnonv/AppData/Local/Temp/config-repo-8661823213971273661/'
2024-08-17 19:11:38 [Thread-3] WARN  o.s.c.c.s.e.MultipleJGitEnvironmentRepository - Failed to delete temporary directory on exit: java.nio.file.AccessDeniedException: C:\Users\mnonv\AppData\Local\Temp\config-repo-8661823213971273661\.git\objects\pack\pack-49341b17370b30eefa01b1cb36759fe5a03c68d5.idx
2024-08-17 19:45:45 [background-preinit] INFO  o.h.validator.internal.util.Version - HV000001: Hibernate Validator 8.0.1.Final
2024-08-17 19:45:45 [main] INFO  c.m.demo.config.server.ConfigServer - Starting ConfigServer using Java 17.0.8 with PID 25280 (C:\practice\microservices-demo\config-server\target\classes started by mnonv in C:\practice\microservices-demo)
2024-08-17 19:45:45 [main] INFO  c.m.demo.config.server.ConfigServer - No active profile set, falling back to 1 default profile: "default"
2024-08-17 19:45:45 [main] INFO  o.s.cloud.context.scope.GenericScope - BeanFactory id=eac7a7b8-4d6b-3f33-b936-8e3c4e7e5a19
2024-08-17 19:45:46 [main] INFO  o.s.b.w.e.tomcat.TomcatWebServer - Tomcat initialized with port 8888 (http)
2024-08-17 19:45:46 [main] INFO  o.a.coyote.http11.Http11NioProtocol - Initializing ProtocolHandler ["http-nio-8888"]
2024-08-17 19:45:46 [main] INFO  o.a.catalina.core.StandardService - Starting service [Tomcat]
2024-08-17 19:45:46 [main] INFO  o.a.catalina.core.StandardEngine - Starting Servlet engine: [Apache Tomcat/10.1.26]
2024-08-17 19:45:46 [main] INFO  o.a.c.c.C.[Tomcat].[localhost].[/] - Initializing Spring embedded WebApplicationContext
2024-08-17 19:45:46 [main] INFO  o.s.b.w.s.c.ServletWebServerApplicationContext - Root WebApplicationContext: initialization completed in 1109 ms
2024-08-17 19:45:46 [main] WARN  o.s.b.a.s.s.UserDetailsServiceAutoConfiguration - 

Using generated security password: 98284169-1aac-48b2-b9e3-672f6750b69c

This generated password is for development use only. Your security configuration must be updated before running your application in production.

2024-08-17 19:45:46 [main] INFO  o.s.s.c.a.a.c.InitializeUserDetailsBeanManagerConfigurer$InitializeUserDetailsManagerConfigurer - Global AuthenticationManager configured with UserDetailsService bean with name inMemoryUserDetailsManager
2024-08-17 19:45:47 [main] INFO  o.s.cloud.commons.util.InetUtils - Cannot determine local hostname
2024-08-17 19:45:49 [main] WARN  o.s.c.c.s.e.MultipleJGitEnvironmentRepository - Error occured cloning to base directory.
org.eclipse.jgit.api.errors.TransportException: https://github.com/nmallar/spring-cloud-config-server-repository: not authorized
	at org.eclipse.jgit.api.FetchCommand.call(FetchCommand.java:249)
	at org.eclipse.jgit.api.CloneCommand.fetch(CloneCommand.java:325)
	at org.eclipse.jgit.api.CloneCommand.call(CloneCommand.java:191)
	at org.springframework.cloud.config.server.environment.JGitEnvironmentRepository.cloneToBasedir(JGitEnvironmentRepository.java:658)
	at org.springframework.cloud.config.server.environment.JGitEnvironmentRepository.initClonedRepository(JGitEnvironmentRepository.java:362)
	at org.springframework.cloud.config.server.environment.JGitEnvironmentRepository.afterPropertiesSet(JGitEnvironmentRepository.java:283)
	at org.springframework.cloud.config.server.environment.MultipleJGitEnvironmentRepository.afterPropertiesSet(MultipleJGitEnvironmentRepository.java:71)
	at org.springframework.beans.factory.support.AbstractAutowireCapableBeanFactory.invokeInitMethods(AbstractAutowireCapableBeanFactory.java:1853)
	at org.springframework.beans.factory.support.AbstractAutowireCapableBeanFactory.initializeBean(AbstractAutowireCapableBeanFactory.java:1802)
	at org.springframework.beans.factory.support.AbstractAutowireCapableBeanFactory.doCreateBean(AbstractAutowireCapableBeanFactory.java:600)
	at org.springframework.beans.factory.support.AbstractAutowireCapableBeanFactory.createBean(AbstractAutowireCapableBeanFactory.java:522)
	at org.springframework.beans.factory.support.AbstractBeanFactory.lambda$doGetBean$0(AbstractBeanFactory.java:337)
	at org.springframework.beans.factory.support.DefaultSingletonBeanRegistry.getSingleton(DefaultSingletonBeanRegistry.java:234)
	at org.springframework.beans.factory.support.AbstractBeanFactory.doGetBean(AbstractBeanFactory.java:335)
	at org.springframework.beans.factory.support.AbstractBeanFactory.getBean(AbstractBeanFactory.java:200)
	at org.springframework.beans.factory.support.DefaultListableBeanFactory.preInstantiateSingletons(DefaultListableBeanFactory.java:975)
	at org.springframework.context.support.AbstractApplicationContext.finishBeanFactoryInitialization(AbstractApplicationContext.java:971)
	at org.springframework.context.support.AbstractApplicationContext.refresh(AbstractApplicationContext.java:625)
	at org.springframework.boot.web.servlet.context.ServletWebServerApplicationContext.refresh(ServletWebServerApplicationContext.java:146)
	at org.springframework.boot.SpringApplication.refresh(SpringApplication.java:754)
	at org.springframework.boot.SpringApplication.refreshContext(SpringApplication.java:456)
	at org.springframework.boot.SpringApplication.run(SpringApplication.java:335)
	at org.springframework.boot.SpringApplication.run(SpringApplication.java:1363)
	at org.springframework.boot.SpringApplication.run(SpringApplication.java:1352)
	at com.microservices.demo.config.server.ConfigServer.main(ConfigServer.java:11)
Caused by: org.eclipse.jgit.errors.TransportException: https://github.com/nmallar/spring-cloud-config-server-repository: not authorized
	at org.eclipse.jgit.transport.TransportHttp.connect(TransportHttp.java:696)
	at org.eclipse.jgit.transport.TransportHttp.openFetch(TransportHttp.java:465)
	at org.eclipse.jgit.transport.FetchProcess.executeImp(FetchProcess.java:153)
	at org.eclipse.jgit.transport.FetchProcess.execute(FetchProcess.java:105)
	at org.eclipse.jgit.transport.Transport.fetch(Transport.java:1462)
	at org.eclipse.jgit.api.FetchCommand.call(FetchCommand.java:238)
	... 24 common frames omitted
2024-08-17 19:45:49 [main] WARN  o.s.b.w.s.c.AnnotationConfigServletWebServerApplicationContext - Exception encountered during context initialization - cancelling refresh attempt: org.springframework.beans.factory.BeanCreationException: Error creating bean with name 'defaultEnvironmentRepository' defined in class path resource [org/springframework/cloud/config/server/config/DefaultRepositoryConfiguration.class]: https://github.com/nmallar/spring-cloud-config-server-repository: not authorized
2024-08-17 19:45:49 [main] INFO  o.a.catalina.core.StandardService - Stopping service [Tomcat]
2024-08-17 19:45:49 [main] INFO  o.s.b.a.l.ConditionEvaluationReportLogger - 

Error starting ApplicationContext. To display the condition evaluation report re-run your application with 'debug' enabled.
2024-08-17 19:45:49 [main] ERROR o.s.boot.SpringApplication - Application run failed
org.springframework.beans.factory.BeanCreationException: Error creating bean with name 'defaultEnvironmentRepository' defined in class path resource [org/springframework/cloud/config/server/config/DefaultRepositoryConfiguration.class]: https://github.com/nmallar/spring-cloud-config-server-repository: not authorized
	at org.springframework.beans.factory.support.AbstractAutowireCapableBeanFactory.initializeBean(AbstractAutowireCapableBeanFactory.java:1806)
	at org.springframework.beans.factory.support.AbstractAutowireCapableBeanFactory.doCreateBean(AbstractAutowireCapableBeanFactory.java:600)
	at org.springframework.beans.factory.support.AbstractAutowireCapableBeanFactory.createBean(AbstractAutowireCapableBeanFactory.java:522)
	at org.springframework.beans.factory.support.AbstractBeanFactory.lambda$doGetBean$0(AbstractBeanFactory.java:337)
	at org.springframework.beans.factory.support.DefaultSingletonBeanRegistry.getSingleton(DefaultSingletonBeanRegistry.java:234)
	at org.springframework.beans.factory.support.AbstractBeanFactory.doGetBean(AbstractBeanFactory.java:335)
	at org.springframework.beans.factory.support.AbstractBeanFactory.getBean(AbstractBeanFactory.java:200)
	at org.springframework.beans.factory.support.DefaultListableBeanFactory.preInstantiateSingletons(DefaultListableBeanFactory.java:975)
	at org.springframework.context.support.AbstractApplicationContext.finishBeanFactoryInitialization(AbstractApplicationContext.java:971)
	at org.springframework.context.support.AbstractApplicationContext.refresh(AbstractApplicationContext.java:625)
	at org.springframework.boot.web.servlet.context.ServletWebServerApplicationContext.refresh(ServletWebServerApplicationContext.java:146)
	at org.springframework.boot.SpringApplication.refresh(SpringApplication.java:754)
	at org.springframework.boot.SpringApplication.refreshContext(SpringApplication.java:456)
	at org.springframework.boot.SpringApplication.run(SpringApplication.java:335)
	at org.springframework.boot.SpringApplication.run(SpringApplication.java:1363)
	at org.springframework.boot.SpringApplication.run(SpringApplication.java:1352)
	at com.microservices.demo.config.server.ConfigServer.main(ConfigServer.java:11)
Caused by: org.eclipse.jgit.api.errors.TransportException: https://github.com/nmallar/spring-cloud-config-server-repository: not authorized
	at org.eclipse.jgit.api.FetchCommand.call(FetchCommand.java:249)
	at org.eclipse.jgit.api.CloneCommand.fetch(CloneCommand.java:325)
	at org.eclipse.jgit.api.CloneCommand.call(CloneCommand.java:191)
	at org.springframework.cloud.config.server.environment.JGitEnvironmentRepository.cloneToBasedir(JGitEnvironmentRepository.java:658)
	at org.springframework.cloud.config.server.environment.JGitEnvironmentRepository.initClonedRepository(JGitEnvironmentRepository.java:362)
	at org.springframework.cloud.config.server.environment.JGitEnvironmentRepository.afterPropertiesSet(JGitEnvironmentRepository.java:283)
	at org.springframework.cloud.config.server.environment.MultipleJGitEnvironmentRepository.afterPropertiesSet(MultipleJGitEnvironmentRepository.java:71)
	at org.springframework.beans.factory.support.AbstractAutowireCapableBeanFactory.invokeInitMethods(AbstractAutowireCapableBeanFactory.java:1853)
	at org.springframework.beans.factory.support.AbstractAutowireCapableBeanFactory.initializeBean(AbstractAutowireCapableBeanFactory.java:1802)
	... 16 common frames omitted
Caused by: org.eclipse.jgit.errors.TransportException: https://github.com/nmallar/spring-cloud-config-server-repository: not authorized
	at org.eclipse.jgit.transport.TransportHttp.connect(TransportHttp.java:696)
	at org.eclipse.jgit.transport.TransportHttp.openFetch(TransportHttp.java:465)
	at org.eclipse.jgit.transport.FetchProcess.executeImp(FetchProcess.java:153)
	at org.eclipse.jgit.transport.FetchProcess.execute(FetchProcess.java:105)
	at org.eclipse.jgit.transport.Transport.fetch(Transport.java:1462)
	at org.eclipse.jgit.api.FetchCommand.call(FetchCommand.java:238)
	... 24 common frames omitted
2024-08-17 19:48:07 [background-preinit] INFO  o.h.validator.internal.util.Version - HV000001: Hibernate Validator 8.0.1.Final
2024-08-17 19:48:07 [main] INFO  c.m.demo.config.server.ConfigServer - Starting ConfigServer using Java 17.0.8 with PID 24768 (C:\practice\microservices-demo\config-server\target\classes started by mnonv in C:\practice\microservices-demo)
2024-08-17 19:48:07 [main] INFO  c.m.demo.config.server.ConfigServer - No active profile set, falling back to 1 default profile: "default"
2024-08-17 19:48:07 [main] INFO  o.s.cloud.context.scope.GenericScope - BeanFactory id=eac7a7b8-4d6b-3f33-b936-8e3c4e7e5a19
2024-08-17 19:48:07 [main] INFO  o.s.b.w.e.tomcat.TomcatWebServer - Tomcat initialized with port 8888 (http)
2024-08-17 19:48:07 [main] INFO  o.a.coyote.http11.Http11NioProtocol - Initializing ProtocolHandler ["http-nio-8888"]
2024-08-17 19:48:07 [main] INFO  o.a.catalina.core.StandardService - Starting service [Tomcat]
2024-08-17 19:48:07 [main] INFO  o.a.catalina.core.StandardEngine - Starting Servlet engine: [Apache Tomcat/10.1.26]
2024-08-17 19:48:08 [main] INFO  o.a.c.c.C.[Tomcat].[localhost].[/] - Initializing Spring embedded WebApplicationContext
2024-08-17 19:48:08 [main] INFO  o.s.b.w.s.c.ServletWebServerApplicationContext - Root WebApplicationContext: initialization completed in 910 ms
2024-08-17 19:48:08 [main] WARN  o.s.b.a.s.s.UserDetailsServiceAutoConfiguration - 

Using generated security password: 6c01744a-f470-4480-87c9-f41485d134c9

This generated password is for development use only. Your security configuration must be updated before running your application in production.

2024-08-17 19:48:08 [main] INFO  o.s.s.c.a.a.c.InitializeUserDetailsBeanManagerConfigurer$InitializeUserDetailsManagerConfigurer - Global AuthenticationManager configured with UserDetailsService bean with name inMemoryUserDetailsManager
2024-08-17 19:48:09 [main] INFO  o.s.cloud.commons.util.InetUtils - Cannot determine local hostname
2024-08-17 19:48:11 [main] INFO  o.a.coyote.http11.Http11NioProtocol - Starting ProtocolHandler ["http-nio-8888"]
2024-08-17 19:48:11 [main] INFO  o.s.b.w.e.tomcat.TomcatWebServer - Tomcat started on port 8888 (http) with context path '/'
2024-08-17 19:48:12 [main] INFO  o.s.cloud.commons.util.InetUtils - Cannot determine local hostname
2024-08-17 19:48:12 [main] INFO  c.m.demo.config.server.ConfigServer - Started ConfigServer in 7.192 seconds (process running for 7.786)
2024-08-17 19:49:43 [Thread-3] WARN  o.s.c.c.s.e.MultipleJGitEnvironmentRepository - Failed to delete temporary directory on exit: java.nio.file.AccessDeniedException: C:\Users\mnonv\AppData\Local\Temp\config-repo-14144515750573957608\.git\objects\pack\pack-49341b17370b30eefa01b1cb36759fe5a03c68d5.idx
2024-08-17 19:50:56 [background-preinit] INFO  o.h.validator.internal.util.Version - HV000001: Hibernate Validator 8.0.1.Final
2024-08-17 19:50:56 [main] INFO  c.m.demo.config.server.ConfigServer - Starting ConfigServer using Java 17.0.8 with PID 24052 (C:\practice\microservices-demo\config-server\target\classes started by mnonv in C:\practice\microservices-demo)
2024-08-17 19:50:56 [main] INFO  c.m.demo.config.server.ConfigServer - No active profile set, falling back to 1 default profile: "default"
2024-08-17 19:50:57 [main] INFO  o.s.cloud.context.scope.GenericScope - BeanFactory id=eac7a7b8-4d6b-3f33-b936-8e3c4e7e5a19
2024-08-17 19:50:57 [main] INFO  o.s.b.w.e.tomcat.TomcatWebServer - Tomcat initialized with port 8888 (http)
2024-08-17 19:50:57 [main] INFO  o.a.coyote.http11.Http11NioProtocol - Initializing ProtocolHandler ["http-nio-8888"]
2024-08-17 19:50:57 [main] INFO  o.a.catalina.core.StandardService - Starting service [Tomcat]
2024-08-17 19:50:57 [main] INFO  o.a.catalina.core.StandardEngine - Starting Servlet engine: [Apache Tomcat/10.1.26]
2024-08-17 19:50:57 [main] INFO  o.a.c.c.C.[Tomcat].[localhost].[/] - Initializing Spring embedded WebApplicationContext
2024-08-17 19:50:57 [main] INFO  o.s.b.w.s.c.ServletWebServerApplicationContext - Root WebApplicationContext: initialization completed in 922 ms
2024-08-17 19:50:57 [main] WARN  o.s.b.a.s.s.UserDetailsServiceAutoConfiguration - 

Using generated security password: ed3f1030-db2a-459f-a18d-38950a114dc5

This generated password is for development use only. Your security configuration must be updated before running your application in production.

2024-08-17 19:50:57 [main] INFO  o.s.s.c.a.a.c.InitializeUserDetailsBeanManagerConfigurer$InitializeUserDetailsManagerConfigurer - Global AuthenticationManager configured with UserDetailsService bean with name inMemoryUserDetailsManager
2024-08-17 19:50:58 [main] INFO  o.s.cloud.commons.util.InetUtils - Cannot determine local hostname
2024-08-17 19:51:00 [main] WARN  o.s.c.c.s.e.MultipleJGitEnvironmentRepository - Error occured cloning to base directory.
org.eclipse.jgit.api.errors.TransportException: https://github.com/nmallar/spring-cloud-config-server-repository: not authorized
	at org.eclipse.jgit.api.FetchCommand.call(FetchCommand.java:249)
	at org.eclipse.jgit.api.CloneCommand.fetch(CloneCommand.java:325)
	at org.eclipse.jgit.api.CloneCommand.call(CloneCommand.java:191)
	at org.springframework.cloud.config.server.environment.JGitEnvironmentRepository.cloneToBasedir(JGitEnvironmentRepository.java:658)
	at org.springframework.cloud.config.server.environment.JGitEnvironmentRepository.initClonedRepository(JGitEnvironmentRepository.java:362)
	at org.springframework.cloud.config.server.environment.JGitEnvironmentRepository.afterPropertiesSet(JGitEnvironmentRepository.java:283)
	at org.springframework.cloud.config.server.environment.MultipleJGitEnvironmentRepository.afterPropertiesSet(MultipleJGitEnvironmentRepository.java:71)
	at org.springframework.beans.factory.support.AbstractAutowireCapableBeanFactory.invokeInitMethods(AbstractAutowireCapableBeanFactory.java:1853)
	at org.springframework.beans.factory.support.AbstractAutowireCapableBeanFactory.initializeBean(AbstractAutowireCapableBeanFactory.java:1802)
	at org.springframework.beans.factory.support.AbstractAutowireCapableBeanFactory.doCreateBean(AbstractAutowireCapableBeanFactory.java:600)
	at org.springframework.beans.factory.support.AbstractAutowireCapableBeanFactory.createBean(AbstractAutowireCapableBeanFactory.java:522)
	at org.springframework.beans.factory.support.AbstractBeanFactory.lambda$doGetBean$0(AbstractBeanFactory.java:337)
	at org.springframework.beans.factory.support.DefaultSingletonBeanRegistry.getSingleton(DefaultSingletonBeanRegistry.java:234)
	at org.springframework.beans.factory.support.AbstractBeanFactory.doGetBean(AbstractBeanFactory.java:335)
	at org.springframework.beans.factory.support.AbstractBeanFactory.getBean(AbstractBeanFactory.java:200)
	at org.springframework.beans.factory.support.DefaultListableBeanFactory.preInstantiateSingletons(DefaultListableBeanFactory.java:975)
	at org.springframework.context.support.AbstractApplicationContext.finishBeanFactoryInitialization(AbstractApplicationContext.java:971)
	at org.springframework.context.support.AbstractApplicationContext.refresh(AbstractApplicationContext.java:625)
	at org.springframework.boot.web.servlet.context.ServletWebServerApplicationContext.refresh(ServletWebServerApplicationContext.java:146)
	at org.springframework.boot.SpringApplication.refresh(SpringApplication.java:754)
	at org.springframework.boot.SpringApplication.refreshContext(SpringApplication.java:456)
	at org.springframework.boot.SpringApplication.run(SpringApplication.java:335)
	at org.springframework.boot.SpringApplication.run(SpringApplication.java:1363)
	at org.springframework.boot.SpringApplication.run(SpringApplication.java:1352)
	at com.microservices.demo.config.server.ConfigServer.main(ConfigServer.java:11)
Caused by: org.eclipse.jgit.errors.TransportException: https://github.com/nmallar/spring-cloud-config-server-repository: not authorized
	at org.eclipse.jgit.transport.TransportHttp.connect(TransportHttp.java:696)
	at org.eclipse.jgit.transport.TransportHttp.openFetch(TransportHttp.java:465)
	at org.eclipse.jgit.transport.FetchProcess.executeImp(FetchProcess.java:153)
	at org.eclipse.jgit.transport.FetchProcess.execute(FetchProcess.java:105)
	at org.eclipse.jgit.transport.Transport.fetch(Transport.java:1462)
	at org.eclipse.jgit.api.FetchCommand.call(FetchCommand.java:238)
	... 24 common frames omitted
2024-08-17 19:51:00 [main] WARN  o.s.b.w.s.c.AnnotationConfigServletWebServerApplicationContext - Exception encountered during context initialization - cancelling refresh attempt: org.springframework.beans.factory.BeanCreationException: Error creating bean with name 'defaultEnvironmentRepository' defined in class path resource [org/springframework/cloud/config/server/config/DefaultRepositoryConfiguration.class]: https://github.com/nmallar/spring-cloud-config-server-repository: not authorized
2024-08-17 19:51:00 [main] INFO  o.a.catalina.core.StandardService - Stopping service [Tomcat]
2024-08-17 19:51:00 [main] INFO  o.s.b.a.l.ConditionEvaluationReportLogger - 

Error starting ApplicationContext. To display the condition evaluation report re-run your application with 'debug' enabled.
2024-08-17 19:51:00 [main] ERROR o.s.boot.SpringApplication - Application run failed
org.springframework.beans.factory.BeanCreationException: Error creating bean with name 'defaultEnvironmentRepository' defined in class path resource [org/springframework/cloud/config/server/config/DefaultRepositoryConfiguration.class]: https://github.com/nmallar/spring-cloud-config-server-repository: not authorized
	at org.springframework.beans.factory.support.AbstractAutowireCapableBeanFactory.initializeBean(AbstractAutowireCapableBeanFactory.java:1806)
	at org.springframework.beans.factory.support.AbstractAutowireCapableBeanFactory.doCreateBean(AbstractAutowireCapableBeanFactory.java:600)
	at org.springframework.beans.factory.support.AbstractAutowireCapableBeanFactory.createBean(AbstractAutowireCapableBeanFactory.java:522)
	at org.springframework.beans.factory.support.AbstractBeanFactory.lambda$doGetBean$0(AbstractBeanFactory.java:337)
	at org.springframework.beans.factory.support.DefaultSingletonBeanRegistry.getSingleton(DefaultSingletonBeanRegistry.java:234)
	at org.springframework.beans.factory.support.AbstractBeanFactory.doGetBean(AbstractBeanFactory.java:335)
	at org.springframework.beans.factory.support.AbstractBeanFactory.getBean(AbstractBeanFactory.java:200)
	at org.springframework.beans.factory.support.DefaultListableBeanFactory.preInstantiateSingletons(DefaultListableBeanFactory.java:975)
	at org.springframework.context.support.AbstractApplicationContext.finishBeanFactoryInitialization(AbstractApplicationContext.java:971)
	at org.springframework.context.support.AbstractApplicationContext.refresh(AbstractApplicationContext.java:625)
	at org.springframework.boot.web.servlet.context.ServletWebServerApplicationContext.refresh(ServletWebServerApplicationContext.java:146)
	at org.springframework.boot.SpringApplication.refresh(SpringApplication.java:754)
	at org.springframework.boot.SpringApplication.refreshContext(SpringApplication.java:456)
	at org.springframework.boot.SpringApplication.run(SpringApplication.java:335)
	at org.springframework.boot.SpringApplication.run(SpringApplication.java:1363)
	at org.springframework.boot.SpringApplication.run(SpringApplication.java:1352)
	at com.microservices.demo.config.server.ConfigServer.main(ConfigServer.java:11)
Caused by: org.eclipse.jgit.api.errors.TransportException: https://github.com/nmallar/spring-cloud-config-server-repository: not authorized
	at org.eclipse.jgit.api.FetchCommand.call(FetchCommand.java:249)
	at org.eclipse.jgit.api.CloneCommand.fetch(CloneCommand.java:325)
	at org.eclipse.jgit.api.CloneCommand.call(CloneCommand.java:191)
	at org.springframework.cloud.config.server.environment.JGitEnvironmentRepository.cloneToBasedir(JGitEnvironmentRepository.java:658)
	at org.springframework.cloud.config.server.environment.JGitEnvironmentRepository.initClonedRepository(JGitEnvironmentRepository.java:362)
	at org.springframework.cloud.config.server.environment.JGitEnvironmentRepository.afterPropertiesSet(JGitEnvironmentRepository.java:283)
	at org.springframework.cloud.config.server.environment.MultipleJGitEnvironmentRepository.afterPropertiesSet(MultipleJGitEnvironmentRepository.java:71)
	at org.springframework.beans.factory.support.AbstractAutowireCapableBeanFactory.invokeInitMethods(AbstractAutowireCapableBeanFactory.java:1853)
	at org.springframework.beans.factory.support.AbstractAutowireCapableBeanFactory.initializeBean(AbstractAutowireCapableBeanFactory.java:1802)
	... 16 common frames omitted
Caused by: org.eclipse.jgit.errors.TransportException: https://github.com/nmallar/spring-cloud-config-server-repository: not authorized
	at org.eclipse.jgit.transport.TransportHttp.connect(TransportHttp.java:696)
	at org.eclipse.jgit.transport.TransportHttp.openFetch(TransportHttp.java:465)
	at org.eclipse.jgit.transport.FetchProcess.executeImp(FetchProcess.java:153)
	at org.eclipse.jgit.transport.FetchProcess.execute(FetchProcess.java:105)
	at org.eclipse.jgit.transport.Transport.fetch(Transport.java:1462)
	at org.eclipse.jgit.api.FetchCommand.call(FetchCommand.java:238)
	... 24 common frames omitted
2024-08-17 20:03:16 [background-preinit] INFO  o.h.validator.internal.util.Version - HV000001: Hibernate Validator 8.0.1.Final
2024-08-17 20:03:17 [main] INFO  c.m.demo.config.server.ConfigServer - Starting ConfigServer using Java 17.0.8 with PID 21892 (C:\practice\microservices-demo\config-server\target\classes started by mnonv in C:\practice\microservices-demo)
2024-08-17 20:03:17 [main] INFO  c.m.demo.config.server.ConfigServer - No active profile set, falling back to 1 default profile: "default"
2024-08-17 20:03:17 [main] INFO  o.s.cloud.context.scope.GenericScope - BeanFactory id=eac7a7b8-4d6b-3f33-b936-8e3c4e7e5a19
2024-08-17 20:03:17 [main] INFO  o.s.b.w.e.tomcat.TomcatWebServer - Tomcat initialized with port 8888 (http)
2024-08-17 20:03:18 [main] INFO  o.a.coyote.http11.Http11NioProtocol - Initializing ProtocolHandler ["http-nio-8888"]
2024-08-17 20:03:18 [main] INFO  o.a.catalina.core.StandardService - Starting service [Tomcat]
2024-08-17 20:03:18 [main] INFO  o.a.catalina.core.StandardEngine - Starting Servlet engine: [Apache Tomcat/10.1.26]
2024-08-17 20:03:18 [main] INFO  o.a.c.c.C.[Tomcat].[localhost].[/] - Initializing Spring embedded WebApplicationContext
2024-08-17 20:03:18 [main] INFO  o.s.b.w.s.c.ServletWebServerApplicationContext - Root WebApplicationContext: initialization completed in 994 ms
2024-08-17 20:03:18 [main] WARN  o.s.b.a.s.s.UserDetailsServiceAutoConfiguration - 

Using generated security password: ad7b835f-0c3e-4c64-adac-332287827c5e

This generated password is for development use only. Your security configuration must be updated before running your application in production.

2024-08-17 20:03:18 [main] INFO  o.s.s.c.a.a.c.InitializeUserDetailsBeanManagerConfigurer$InitializeUserDetailsManagerConfigurer - Global AuthenticationManager configured with UserDetailsService bean with name inMemoryUserDetailsManager
2024-08-17 20:03:19 [main] INFO  o.s.cloud.commons.util.InetUtils - Cannot determine local hostname
2024-08-17 20:03:21 [main] WARN  o.s.c.c.s.e.MultipleJGitEnvironmentRepository - Error occured cloning to base directory.
org.eclipse.jgit.api.errors.TransportException: https://github.com/nmallar/spring-cloud-config-server-repository: not authorized
	at org.eclipse.jgit.api.FetchCommand.call(FetchCommand.java:249)
	at org.eclipse.jgit.api.CloneCommand.fetch(CloneCommand.java:325)
	at org.eclipse.jgit.api.CloneCommand.call(CloneCommand.java:191)
	at org.springframework.cloud.config.server.environment.JGitEnvironmentRepository.cloneToBasedir(JGitEnvironmentRepository.java:658)
	at org.springframework.cloud.config.server.environment.JGitEnvironmentRepository.initClonedRepository(JGitEnvironmentRepository.java:362)
	at org.springframework.cloud.config.server.environment.JGitEnvironmentRepository.afterPropertiesSet(JGitEnvironmentRepository.java:283)
	at org.springframework.cloud.config.server.environment.MultipleJGitEnvironmentRepository.afterPropertiesSet(MultipleJGitEnvironmentRepository.java:71)
	at org.springframework.beans.factory.support.AbstractAutowireCapableBeanFactory.invokeInitMethods(AbstractAutowireCapableBeanFactory.java:1853)
	at org.springframework.beans.factory.support.AbstractAutowireCapableBeanFactory.initializeBean(AbstractAutowireCapableBeanFactory.java:1802)
	at org.springframework.beans.factory.support.AbstractAutowireCapableBeanFactory.doCreateBean(AbstractAutowireCapableBeanFactory.java:600)
	at org.springframework.beans.factory.support.AbstractAutowireCapableBeanFactory.createBean(AbstractAutowireCapableBeanFactory.java:522)
	at org.springframework.beans.factory.support.AbstractBeanFactory.lambda$doGetBean$0(AbstractBeanFactory.java:337)
	at org.springframework.beans.factory.support.DefaultSingletonBeanRegistry.getSingleton(DefaultSingletonBeanRegistry.java:234)
	at org.springframework.beans.factory.support.AbstractBeanFactory.doGetBean(AbstractBeanFactory.java:335)
	at org.springframework.beans.factory.support.AbstractBeanFactory.getBean(AbstractBeanFactory.java:200)
	at org.springframework.beans.factory.support.DefaultListableBeanFactory.preInstantiateSingletons(DefaultListableBeanFactory.java:975)
	at org.springframework.context.support.AbstractApplicationContext.finishBeanFactoryInitialization(AbstractApplicationContext.java:971)
	at org.springframework.context.support.AbstractApplicationContext.refresh(AbstractApplicationContext.java:625)
	at org.springframework.boot.web.servlet.context.ServletWebServerApplicationContext.refresh(ServletWebServerApplicationContext.java:146)
	at org.springframework.boot.SpringApplication.refresh(SpringApplication.java:754)
	at org.springframework.boot.SpringApplication.refreshContext(SpringApplication.java:456)
	at org.springframework.boot.SpringApplication.run(SpringApplication.java:335)
	at org.springframework.boot.SpringApplication.run(SpringApplication.java:1363)
	at org.springframework.boot.SpringApplication.run(SpringApplication.java:1352)
	at com.microservices.demo.config.server.ConfigServer.main(ConfigServer.java:11)
Caused by: org.eclipse.jgit.errors.TransportException: https://github.com/nmallar/spring-cloud-config-server-repository: not authorized
	at org.eclipse.jgit.transport.TransportHttp.connect(TransportHttp.java:696)
	at org.eclipse.jgit.transport.TransportHttp.openFetch(TransportHttp.java:465)
	at org.eclipse.jgit.transport.FetchProcess.executeImp(FetchProcess.java:153)
	at org.eclipse.jgit.transport.FetchProcess.execute(FetchProcess.java:105)
	at org.eclipse.jgit.transport.Transport.fetch(Transport.java:1462)
	at org.eclipse.jgit.api.FetchCommand.call(FetchCommand.java:238)
	... 24 common frames omitted
2024-08-17 20:03:21 [main] WARN  o.s.b.w.s.c.AnnotationConfigServletWebServerApplicationContext - Exception encountered during context initialization - cancelling refresh attempt: org.springframework.beans.factory.BeanCreationException: Error creating bean with name 'defaultEnvironmentRepository' defined in class path resource [org/springframework/cloud/config/server/config/DefaultRepositoryConfiguration.class]: https://github.com/nmallar/spring-cloud-config-server-repository: not authorized
2024-08-17 20:03:21 [main] INFO  o.a.catalina.core.StandardService - Stopping service [Tomcat]
2024-08-17 20:03:21 [main] INFO  o.s.b.a.l.ConditionEvaluationReportLogger - 

Error starting ApplicationContext. To display the condition evaluation report re-run your application with 'debug' enabled.
2024-08-17 20:03:21 [main] ERROR o.s.boot.SpringApplication - Application run failed
org.springframework.beans.factory.BeanCreationException: Error creating bean with name 'defaultEnvironmentRepository' defined in class path resource [org/springframework/cloud/config/server/config/DefaultRepositoryConfiguration.class]: https://github.com/nmallar/spring-cloud-config-server-repository: not authorized
	at org.springframework.beans.factory.support.AbstractAutowireCapableBeanFactory.initializeBean(AbstractAutowireCapableBeanFactory.java:1806)
	at org.springframework.beans.factory.support.AbstractAutowireCapableBeanFactory.doCreateBean(AbstractAutowireCapableBeanFactory.java:600)
	at org.springframework.beans.factory.support.AbstractAutowireCapableBeanFactory.createBean(AbstractAutowireCapableBeanFactory.java:522)
	at org.springframework.beans.factory.support.AbstractBeanFactory.lambda$doGetBean$0(AbstractBeanFactory.java:337)
	at org.springframework.beans.factory.support.DefaultSingletonBeanRegistry.getSingleton(DefaultSingletonBeanRegistry.java:234)
	at org.springframework.beans.factory.support.AbstractBeanFactory.doGetBean(AbstractBeanFactory.java:335)
	at org.springframework.beans.factory.support.AbstractBeanFactory.getBean(AbstractBeanFactory.java:200)
	at org.springframework.beans.factory.support.DefaultListableBeanFactory.preInstantiateSingletons(DefaultListableBeanFactory.java:975)
	at org.springframework.context.support.AbstractApplicationContext.finishBeanFactoryInitialization(AbstractApplicationContext.java:971)
	at org.springframework.context.support.AbstractApplicationContext.refresh(AbstractApplicationContext.java:625)
	at org.springframework.boot.web.servlet.context.ServletWebServerApplicationContext.refresh(ServletWebServerApplicationContext.java:146)
	at org.springframework.boot.SpringApplication.refresh(SpringApplication.java:754)
	at org.springframework.boot.SpringApplication.refreshContext(SpringApplication.java:456)
	at org.springframework.boot.SpringApplication.run(SpringApplication.java:335)
	at org.springframework.boot.SpringApplication.run(SpringApplication.java:1363)
	at org.springframework.boot.SpringApplication.run(SpringApplication.java:1352)
	at com.microservices.demo.config.server.ConfigServer.main(ConfigServer.java:11)
Caused by: org.eclipse.jgit.api.errors.TransportException: https://github.com/nmallar/spring-cloud-config-server-repository: not authorized
	at org.eclipse.jgit.api.FetchCommand.call(FetchCommand.java:249)
	at org.eclipse.jgit.api.CloneCommand.fetch(CloneCommand.java:325)
	at org.eclipse.jgit.api.CloneCommand.call(CloneCommand.java:191)
	at org.springframework.cloud.config.server.environment.JGitEnvironmentRepository.cloneToBasedir(JGitEnvironmentRepository.java:658)
	at org.springframework.cloud.config.server.environment.JGitEnvironmentRepository.initClonedRepository(JGitEnvironmentRepository.java:362)
	at org.springframework.cloud.config.server.environment.JGitEnvironmentRepository.afterPropertiesSet(JGitEnvironmentRepository.java:283)
	at org.springframework.cloud.config.server.environment.MultipleJGitEnvironmentRepository.afterPropertiesSet(MultipleJGitEnvironmentRepository.java:71)
	at org.springframework.beans.factory.support.AbstractAutowireCapableBeanFactory.invokeInitMethods(AbstractAutowireCapableBeanFactory.java:1853)
	at org.springframework.beans.factory.support.AbstractAutowireCapableBeanFactory.initializeBean(AbstractAutowireCapableBeanFactory.java:1802)
	... 16 common frames omitted
Caused by: org.eclipse.jgit.errors.TransportException: https://github.com/nmallar/spring-cloud-config-server-repository: not authorized
	at org.eclipse.jgit.transport.TransportHttp.connect(TransportHttp.java:696)
	at org.eclipse.jgit.transport.TransportHttp.openFetch(TransportHttp.java:465)
	at org.eclipse.jgit.transport.FetchProcess.executeImp(FetchProcess.java:153)
	at org.eclipse.jgit.transport.FetchProcess.execute(FetchProcess.java:105)
	at org.eclipse.jgit.transport.Transport.fetch(Transport.java:1462)
	at org.eclipse.jgit.api.FetchCommand.call(FetchCommand.java:238)
	... 24 common frames omitted
