2024-08-16 19:07:19 [background-preinit] INFO  o.h.validator.internal.util.Version - HV000001: Hibernate Validator 8.0.1.Final
2024-08-16 19:07:19 [main] INFO  c.m.demo.config.server.ConfigServer - Starting ConfigServer using Java 17.0.8 with PID 30808 (C:\practice\microservices-demo\config-server\target\classes started by mnonv in C:\practice\microservices-demo)
2024-08-16 19:07:19 [main] INFO  c.m.demo.config.server.ConfigServer - No active profile set, falling back to 1 default profile: "default"
2024-08-16 19:07:20 [main] INFO  o.s.cloud.context.scope.GenericScope - BeanFactory id=ced77bf4-1d38-3262-bc4a-1393cb95cee0
2024-08-16 19:07:20 [main] INFO  o.s.b.w.e.tomcat.TomcatWebServer - Tomcat initialized with port 8888 (http)
2024-08-16 19:07:20 [main] INFO  o.a.coyote.http11.Http11NioProtocol - Initializing ProtocolHandler ["http-nio-8888"]
2024-08-16 19:07:20 [main] INFO  o.a.catalina.core.StandardService - Starting service [Tomcat]
2024-08-16 19:07:20 [main] INFO  o.a.catalina.core.StandardEngine - Starting Servlet engine: [Apache Tomcat/10.1.26]
2024-08-16 19:07:21 [main] INFO  o.a.c.c.C.[Tomcat].[localhost].[/] - Initializing Spring embedded WebApplicationContext
2024-08-16 19:07:21 [main] INFO  o.s.b.w.s.c.ServletWebServerApplicationContext - Root WebApplicationContext: initialization completed in 1718 ms
2024-08-16 19:07:22 [main] INFO  o.s.cloud.commons.util.InetUtils - Cannot determine local hostname
2024-08-16 19:07:25 [main] INFO  o.a.coyote.http11.Http11NioProtocol - Starting ProtocolHandler ["http-nio-8888"]
2024-08-16 19:07:25 [main] INFO  o.s.b.w.e.tomcat.TomcatWebServer - Tomcat started on port 8888 (http) with context path '/'
2024-08-16 19:07:26 [main] INFO  o.s.cloud.commons.util.InetUtils - Cannot determine local hostname
2024-08-16 19:07:26 [main] INFO  c.m.demo.config.server.ConfigServer - Started ConfigServer in 9.449 seconds (process running for 11.007)
2024-08-16 19:18:29 [Thread-3] WARN  o.s.c.c.s.e.MultipleJGitEnvironmentRepository - Failed to delete temporary directory on exit: java.nio.file.AccessDeniedException: C:\Users\mnonv\AppData\Local\Temp\config-repo-7738108538154144872\.git\objects\pack\pack-46ae12818ccc86b2a05cec06365afa515d6d5630.idx
2024-08-16 19:36:44 [background-preinit] INFO  o.h.validator.internal.util.Version - HV000001: Hibernate Validator 8.0.1.Final
2024-08-16 19:36:44 [main] INFO  c.m.demo.config.server.ConfigServer - Starting ConfigServer using Java 17.0.8 with PID 33700 (C:\practice\microservices-demo\config-server\target\classes started by mnonv in C:\practice\microservices-demo)
2024-08-16 19:36:44 [main] INFO  c.m.demo.config.server.ConfigServer - No active profile set, falling back to 1 default profile: "default"
2024-08-16 19:36:45 [main] INFO  o.s.cloud.context.scope.GenericScope - BeanFactory id=ced77bf4-1d38-3262-bc4a-1393cb95cee0
2024-08-16 19:36:45 [main] INFO  o.s.b.w.e.tomcat.TomcatWebServer - Tomcat initialized with port 8888 (http)
2024-08-16 19:36:45 [main] INFO  o.a.coyote.http11.Http11NioProtocol - Initializing ProtocolHandler ["http-nio-8888"]
2024-08-16 19:36:45 [main] INFO  o.a.catalina.core.StandardService - Starting service [Tomcat]
2024-08-16 19:36:45 [main] INFO  o.a.catalina.core.StandardEngine - Starting Servlet engine: [Apache Tomcat/10.1.26]
2024-08-16 19:36:45 [main] INFO  o.a.c.c.C.[Tomcat].[localhost].[/] - Initializing Spring embedded WebApplicationContext
2024-08-16 19:36:45 [main] INFO  o.s.b.w.s.c.ServletWebServerApplicationContext - Root WebApplicationContext: initialization completed in 938 ms
2024-08-16 19:36:46 [main] INFO  o.s.cloud.commons.util.InetUtils - Cannot determine local hostname
2024-08-16 19:36:49 [main] INFO  o.a.coyote.http11.Http11NioProtocol - Starting ProtocolHandler ["http-nio-8888"]
2024-08-16 19:36:49 [main] INFO  o.s.b.w.e.tomcat.TomcatWebServer - Tomcat started on port 8888 (http) with context path '/'
2024-08-16 19:36:50 [main] INFO  o.s.cloud.commons.util.InetUtils - Cannot determine local hostname
2024-08-16 19:36:50 [main] INFO  c.m.demo.config.server.ConfigServer - Started ConfigServer in 7.411 seconds (process running for 8.152)
2024-08-16 19:36:55 [Thread-3] WARN  o.s.c.c.s.e.MultipleJGitEnvironmentRepository - Failed to delete temporary directory on exit: java.nio.file.AccessDeniedException: C:\Users\mnonv\AppData\Local\Temp\config-repo-4400853244165681174\.git\objects\pack\pack-46ae12818ccc86b2a05cec06365afa515d6d5630.idx
2024-08-16 19:37:23 [background-preinit] INFO  o.h.validator.internal.util.Version - HV000001: Hibernate Validator 8.0.1.Final
2024-08-16 19:37:23 [main] INFO  c.m.demo.config.server.ConfigServer - Starting ConfigServer using Java 17.0.8 with PID 27288 (C:\practice\microservices-demo\config-server\target\classes started by mnonv in C:\practice\microservices-demo)
2024-08-16 19:37:23 [main] INFO  c.m.demo.config.server.ConfigServer - No active profile set, falling back to 1 default profile: "default"
2024-08-16 19:37:24 [main] INFO  o.s.cloud.context.scope.GenericScope - BeanFactory id=ced77bf4-1d38-3262-bc4a-1393cb95cee0
2024-08-16 19:37:24 [main] INFO  o.s.b.w.e.tomcat.TomcatWebServer - Tomcat initialized with port 8888 (http)
2024-08-16 19:37:24 [main] INFO  o.a.coyote.http11.Http11NioProtocol - Initializing ProtocolHandler ["http-nio-8888"]
2024-08-16 19:37:24 [main] INFO  o.a.catalina.core.StandardService - Starting service [Tomcat]
2024-08-16 19:37:24 [main] INFO  o.a.catalina.core.StandardEngine - Starting Servlet engine: [Apache Tomcat/10.1.26]
2024-08-16 19:37:24 [main] INFO  o.a.c.c.C.[Tomcat].[localhost].[/] - Initializing Spring embedded WebApplicationContext
2024-08-16 19:37:24 [main] INFO  o.s.b.w.s.c.ServletWebServerApplicationContext - Root WebApplicationContext: initialization completed in 1024 ms
2024-08-16 19:37:26 [main] INFO  o.s.cloud.commons.util.InetUtils - Cannot determine local hostname
2024-08-16 19:37:28 [main] INFO  o.a.coyote.http11.Http11NioProtocol - Starting ProtocolHandler ["http-nio-8888"]
2024-08-16 19:37:28 [main] INFO  o.s.b.w.e.tomcat.TomcatWebServer - Tomcat started on port 8888 (http) with context path '/'
2024-08-16 19:37:29 [main] INFO  o.s.cloud.commons.util.InetUtils - Cannot determine local hostname
2024-08-16 19:37:29 [main] INFO  c.m.demo.config.server.ConfigServer - Started ConfigServer in 7.448 seconds (process running for 8.14)
2024-08-16 19:39:56 [Thread-3] WARN  o.s.c.c.s.e.MultipleJGitEnvironmentRepository - Failed to delete temporary directory on exit: java.nio.file.AccessDeniedException: C:\Users\mnonv\AppData\Local\Temp\config-repo-11893555237343586654\.git\objects\pack\pack-46ae12818ccc86b2a05cec06365afa515d6d5630.idx
2024-08-16 19:40:08 [background-preinit] INFO  o.h.validator.internal.util.Version - HV000001: Hibernate Validator 8.0.1.Final
2024-08-16 19:40:08 [main] INFO  c.m.demo.config.server.ConfigServer - Starting ConfigServer using Java 17.0.8 with PID 12860 (C:\practice\microservices-demo\config-server\target\classes started by mnonv in C:\practice\microservices-demo)
2024-08-16 19:40:08 [main] INFO  c.m.demo.config.server.ConfigServer - No active profile set, falling back to 1 default profile: "default"
2024-08-16 19:40:08 [main] INFO  o.s.cloud.context.scope.GenericScope - BeanFactory id=ced77bf4-1d38-3262-bc4a-1393cb95cee0
2024-08-16 19:40:09 [main] INFO  o.s.b.w.e.tomcat.TomcatWebServer - Tomcat initialized with port 8888 (http)
2024-08-16 19:40:09 [main] INFO  o.a.coyote.http11.Http11NioProtocol - Initializing ProtocolHandler ["http-nio-8888"]
2024-08-16 19:40:09 [main] INFO  o.a.catalina.core.StandardService - Starting service [Tomcat]
2024-08-16 19:40:09 [main] INFO  o.a.catalina.core.StandardEngine - Starting Servlet engine: [Apache Tomcat/10.1.26]
2024-08-16 19:40:09 [main] INFO  o.a.c.c.C.[Tomcat].[localhost].[/] - Initializing Spring embedded WebApplicationContext
2024-08-16 19:40:09 [main] INFO  o.s.b.w.s.c.ServletWebServerApplicationContext - Root WebApplicationContext: initialization completed in 944 ms
2024-08-16 19:40:10 [main] INFO  o.s.cloud.commons.util.InetUtils - Cannot determine local hostname
2024-08-16 19:40:10 [main] WARN  o.s.b.w.s.c.AnnotationConfigServletWebServerApplicationContext - Exception encountered during context initialization - cancelling refresh attempt: org.springframework.beans.factory.BeanCreationException: Error creating bean with name 'defaultEnvironmentRepository' defined in class path resource [org/springframework/cloud/config/server/config/DefaultRepositoryConfiguration.class]: You need to configure a uri for the git repository.
2024-08-16 19:40:10 [main] INFO  o.a.catalina.core.StandardService - Stopping service [Tomcat]
2024-08-16 19:40:10 [main] INFO  o.s.b.a.l.ConditionEvaluationReportLogger - 

Error starting ApplicationContext. To display the condition evaluation report re-run your application with 'debug' enabled.
2024-08-16 19:40:10 [main] ERROR o.s.b.d.LoggingFailureAnalysisReporter - 

***************************
APPLICATION FAILED TO START
***************************

Description:

Invalid config server configuration.

Action:

If you are using the git profile, you need to set a Git URI in your configuration.  If you have set spring.cloud.config.server.bootstrap=true, you need to use a composite configuration.

2024-08-16 19:41:49 [background-preinit] INFO  o.h.validator.internal.util.Version - HV000001: Hibernate Validator 8.0.1.Final
2024-08-16 19:41:49 [main] INFO  c.m.demo.config.server.ConfigServer - Starting ConfigServer using Java 17.0.8 with PID 35140 (C:\practice\microservices-demo\config-server\target\classes started by mnonv in C:\practice\microservices-demo)
2024-08-16 19:41:49 [main] INFO  c.m.demo.config.server.ConfigServer - No active profile set, falling back to 1 default profile: "default"
2024-08-16 19:41:50 [main] INFO  o.s.cloud.context.scope.GenericScope - BeanFactory id=ced77bf4-1d38-3262-bc4a-1393cb95cee0
2024-08-16 19:41:50 [main] INFO  o.s.b.w.e.tomcat.TomcatWebServer - Tomcat initialized with port 8888 (http)
2024-08-16 19:41:50 [main] INFO  o.a.coyote.http11.Http11NioProtocol - Initializing ProtocolHandler ["http-nio-8888"]
2024-08-16 19:41:50 [main] INFO  o.a.catalina.core.StandardService - Starting service [Tomcat]
2024-08-16 19:41:50 [main] INFO  o.a.catalina.core.StandardEngine - Starting Servlet engine: [Apache Tomcat/10.1.26]
2024-08-16 19:41:51 [main] INFO  o.a.c.c.C.[Tomcat].[localhost].[/] - Initializing Spring embedded WebApplicationContext
2024-08-16 19:41:51 [main] INFO  o.s.b.w.s.c.ServletWebServerApplicationContext - Root WebApplicationContext: initialization completed in 1077 ms
2024-08-16 19:41:52 [main] INFO  o.s.cloud.commons.util.InetUtils - Cannot determine local hostname
2024-08-16 19:41:54 [main] INFO  o.a.coyote.http11.Http11NioProtocol - Starting ProtocolHandler ["http-nio-8888"]
2024-08-16 19:41:54 [main] INFO  o.s.b.w.e.tomcat.TomcatWebServer - Tomcat started on port 8888 (http) with context path '/'
2024-08-16 19:41:55 [main] INFO  o.s.cloud.commons.util.InetUtils - Cannot determine local hostname
2024-08-16 19:41:55 [main] INFO  c.m.demo.config.server.ConfigServer - Started ConfigServer in 7.44 seconds (process running for 8.068)
2024-08-16 19:43:43 [Thread-3] WARN  o.s.c.c.s.e.MultipleJGitEnvironmentRepository - Failed to delete temporary directory on exit: java.nio.file.AccessDeniedException: C:\Users\mnonv\AppData\Local\Temp\config-repo-2028306662446534611\.git\objects\pack\pack-46ae12818ccc86b2a05cec06365afa515d6d5630.idx
2024-08-16 19:43:48 [background-preinit] INFO  o.h.validator.internal.util.Version - HV000001: Hibernate Validator 8.0.1.Final
2024-08-16 19:43:48 [main] INFO  c.m.demo.config.server.ConfigServer - Starting ConfigServer using Java 17.0.8 with PID 28500 (C:\practice\microservices-demo\config-server\target\classes started by mnonv in C:\practice\microservices-demo)
2024-08-16 19:43:48 [main] INFO  c.m.demo.config.server.ConfigServer - No active profile set, falling back to 1 default profile: "default"
2024-08-16 19:43:49 [main] INFO  o.s.cloud.context.scope.GenericScope - BeanFactory id=ced77bf4-1d38-3262-bc4a-1393cb95cee0
2024-08-16 19:43:49 [main] INFO  o.s.b.w.e.tomcat.TomcatWebServer - Tomcat initialized with port 8888 (http)
2024-08-16 19:43:49 [main] INFO  o.a.coyote.http11.Http11NioProtocol - Initializing ProtocolHandler ["http-nio-8888"]
2024-08-16 19:43:49 [main] INFO  o.a.catalina.core.StandardService - Starting service [Tomcat]
2024-08-16 19:43:49 [main] INFO  o.a.catalina.core.StandardEngine - Starting Servlet engine: [Apache Tomcat/10.1.26]
2024-08-16 19:43:49 [main] INFO  o.a.c.c.C.[Tomcat].[localhost].[/] - Initializing Spring embedded WebApplicationContext
2024-08-16 19:43:49 [main] INFO  o.s.b.w.s.c.ServletWebServerApplicationContext - Root WebApplicationContext: initialization completed in 988 ms
2024-08-16 19:43:51 [main] INFO  o.s.cloud.commons.util.InetUtils - Cannot determine local hostname
2024-08-16 19:43:53 [main] INFO  o.a.coyote.http11.Http11NioProtocol - Starting ProtocolHandler ["http-nio-8888"]
2024-08-16 19:43:53 [main] INFO  o.s.b.w.e.tomcat.TomcatWebServer - Tomcat started on port 8888 (http) with context path '/'
2024-08-16 19:43:54 [main] INFO  o.s.cloud.commons.util.InetUtils - Cannot determine local hostname
2024-08-16 19:43:54 [main] INFO  c.m.demo.config.server.ConfigServer - Started ConfigServer in 7.293 seconds (process running for 7.971)
2024-08-16 19:47:28 [http-nio-8888-exec-1] INFO  o.a.c.c.C.[Tomcat].[localhost].[/] - Initializing Spring DispatcherServlet 'dispatcherServlet'
2024-08-16 19:47:28 [http-nio-8888-exec-1] INFO  o.s.web.servlet.DispatcherServlet - Initializing Servlet 'dispatcherServlet'
2024-08-16 19:47:28 [http-nio-8888-exec-1] INFO  o.s.web.servlet.DispatcherServlet - Completed initialization in 1 ms
2024-08-16 19:47:30 [http-nio-8888-exec-1] INFO  o.s.c.c.s.e.NativeEnvironmentRepository - Adding property source: Config resource 'file [C:\Users\mnonv\AppData\Local\Temp\config-repo-9772508002100715022\config-client-twitter_to_kafka.yml]' via location 'file:/C:/Users/mnonv/AppData/Local/Temp/config-repo-9772508002100715022/'
2024-08-16 19:47:30 [http-nio-8888-exec-1] INFO  o.s.c.c.s.e.NativeEnvironmentRepository - Adding property source: Config resource 'file [C:\Users\mnonv\AppData\Local\Temp\config-repo-9772508002100715022\config-client.yml]' via location 'file:/C:/Users/mnonv/AppData/Local/Temp/config-repo-9772508002100715022/'
2024-08-16 19:55:50 [Thread-3] WARN  o.s.c.c.s.e.MultipleJGitEnvironmentRepository - Failed to delete temporary directory on exit: java.nio.file.AccessDeniedException: C:\Users\mnonv\AppData\Local\Temp\config-repo-9772508002100715022\.git\objects\pack\pack-46ae12818ccc86b2a05cec06365afa515d6d5630.idx
2024-08-16 19:55:58 [background-preinit] INFO  o.h.validator.internal.util.Version - HV000001: Hibernate Validator 8.0.1.Final
2024-08-16 19:55:58 [main] INFO  c.m.demo.config.server.ConfigServer - Starting ConfigServer using Java 17.0.8 with PID 5088 (C:\practice\microservices-demo\config-server\target\classes started by mnonv in C:\practice\microservices-demo)
2024-08-16 19:55:58 [main] INFO  c.m.demo.config.server.ConfigServer - No active profile set, falling back to 1 default profile: "default"
2024-08-16 19:55:58 [main] INFO  o.s.cloud.context.scope.GenericScope - BeanFactory id=ced77bf4-1d38-3262-bc4a-1393cb95cee0
2024-08-16 19:55:59 [main] INFO  o.s.b.w.e.tomcat.TomcatWebServer - Tomcat initialized with port 8888 (http)
2024-08-16 19:55:59 [main] INFO  o.a.coyote.http11.Http11NioProtocol - Initializing ProtocolHandler ["http-nio-8888"]
2024-08-16 19:55:59 [main] INFO  o.a.catalina.core.StandardService - Starting service [Tomcat]
2024-08-16 19:55:59 [main] INFO  o.a.catalina.core.StandardEngine - Starting Servlet engine: [Apache Tomcat/10.1.26]
2024-08-16 19:55:59 [main] INFO  o.a.c.c.C.[Tomcat].[localhost].[/] - Initializing Spring embedded WebApplicationContext
2024-08-16 19:55:59 [main] INFO  o.s.b.w.s.c.ServletWebServerApplicationContext - Root WebApplicationContext: initialization completed in 926 ms
2024-08-16 19:56:00 [main] INFO  o.s.cloud.commons.util.InetUtils - Cannot determine local hostname
2024-08-16 19:56:02 [main] INFO  o.a.coyote.http11.Http11NioProtocol - Starting ProtocolHandler ["http-nio-8888"]
2024-08-16 19:56:02 [main] INFO  o.s.b.w.e.tomcat.TomcatWebServer - Tomcat started on port 8888 (http) with context path '/'
2024-08-16 19:56:03 [main] INFO  o.s.cloud.commons.util.InetUtils - Cannot determine local hostname
2024-08-16 19:56:03 [main] INFO  c.m.demo.config.server.ConfigServer - Started ConfigServer in 7.282 seconds (process running for 7.938)
2024-08-16 19:58:31 [Thread-3] WARN  o.s.c.c.s.e.MultipleJGitEnvironmentRepository - Failed to delete temporary directory on exit: java.nio.file.AccessDeniedException: C:\Users\mnonv\AppData\Local\Temp\config-repo-93775932356869738\.git\objects\pack\pack-46ae12818ccc86b2a05cec06365afa515d6d5630.idx
2024-08-16 19:58:46 [background-preinit] INFO  o.h.validator.internal.util.Version - HV000001: Hibernate Validator 8.0.1.Final
2024-08-16 19:58:46 [main] INFO  c.m.demo.config.server.ConfigServer - Starting ConfigServer using Java 17.0.8 with PID 36212 (C:\practice\microservices-demo\config-server\target\classes started by mnonv in C:\practice\microservices-demo)
2024-08-16 19:58:46 [main] INFO  c.m.demo.config.server.ConfigServer - No active profile set, falling back to 1 default profile: "default"
2024-08-16 19:58:47 [main] INFO  o.s.cloud.context.scope.GenericScope - BeanFactory id=ced77bf4-1d38-3262-bc4a-1393cb95cee0
2024-08-16 19:58:47 [main] INFO  o.s.b.w.e.tomcat.TomcatWebServer - Tomcat initialized with port 8888 (http)
2024-08-16 19:58:47 [main] INFO  o.a.coyote.http11.Http11NioProtocol - Initializing ProtocolHandler ["http-nio-8888"]
2024-08-16 19:58:47 [main] INFO  o.a.catalina.core.StandardService - Starting service [Tomcat]
2024-08-16 19:58:47 [main] INFO  o.a.catalina.core.StandardEngine - Starting Servlet engine: [Apache Tomcat/10.1.26]
2024-08-16 19:58:47 [main] INFO  o.a.c.c.C.[Tomcat].[localhost].[/] - Initializing Spring embedded WebApplicationContext
2024-08-16 19:58:47 [main] INFO  o.s.b.w.s.c.ServletWebServerApplicationContext - Root WebApplicationContext: initialization completed in 937 ms
2024-08-16 19:58:48 [main] INFO  o.s.cloud.commons.util.InetUtils - Cannot determine local hostname
2024-08-16 19:58:51 [main] INFO  o.a.coyote.http11.Http11NioProtocol - Starting ProtocolHandler ["http-nio-8888"]
2024-08-16 19:58:51 [main] INFO  o.s.b.w.e.tomcat.TomcatWebServer - Tomcat started on port 8888 (http) with context path '/'
2024-08-16 19:58:52 [main] INFO  o.s.cloud.commons.util.InetUtils - Cannot determine local hostname
2024-08-16 19:58:52 [main] INFO  c.m.demo.config.server.ConfigServer - Started ConfigServer in 7.394 seconds (process running for 8.031)
2024-08-16 20:02:56 [http-nio-8888-exec-1] INFO  o.a.c.c.C.[Tomcat].[localhost].[/] - Initializing Spring DispatcherServlet 'dispatcherServlet'
2024-08-16 20:02:56 [http-nio-8888-exec-1] INFO  o.s.web.servlet.DispatcherServlet - Initializing Servlet 'dispatcherServlet'
2024-08-16 20:02:56 [http-nio-8888-exec-1] INFO  o.s.web.servlet.DispatcherServlet - Completed initialization in 2 ms
2024-08-16 20:02:57 [http-nio-8888-exec-1] INFO  o.s.c.c.s.e.NativeEnvironmentRepository - Adding property source: Config resource 'file [C:\Users\mnonv\AppData\Local\Temp\config-repo-9849480821029828787\config-client-twitter_to_kafka.yml]' via location 'file:/C:/Users/mnonv/AppData/Local/Temp/config-repo-9849480821029828787/'
2024-08-16 20:02:57 [http-nio-8888-exec-1] INFO  o.s.c.c.s.e.NativeEnvironmentRepository - Adding property source: Config resource 'file [C:\Users\mnonv\AppData\Local\Temp\config-repo-9849480821029828787\config-client.yml]' via location 'file:/C:/Users/mnonv/AppData/Local/Temp/config-repo-9849480821029828787/'
2024-08-16 20:03:12 [Thread-3] WARN  o.s.c.c.s.e.MultipleJGitEnvironmentRepository - Failed to delete temporary directory on exit: java.nio.file.AccessDeniedException: C:\Users\mnonv\AppData\Local\Temp\config-repo-9849480821029828787\.git\objects\pack\pack-46ae12818ccc86b2a05cec06365afa515d6d5630.idx
2024-08-16 20:03:40 [background-preinit] INFO  o.h.validator.internal.util.Version - HV000001: Hibernate Validator 8.0.1.Final
2024-08-16 20:03:42 [main] INFO  c.m.demo.config.server.ConfigServer - No active profile set, falling back to 1 default profile: "default"
2024-08-16 20:03:42 [main] INFO  o.s.cloud.context.scope.GenericScope - BeanFactory id=ee81cf4f-e713-3ce5-a07e-425058e85c07
2024-08-16 20:03:42 [main] INFO  o.s.b.w.e.tomcat.TomcatWebServer - Tomcat initialized with port 8888 (http)
2024-08-16 20:03:42 [main] INFO  o.a.coyote.http11.Http11NioProtocol - Initializing ProtocolHandler ["http-nio-8888"]
2024-08-16 20:03:42 [main] INFO  o.a.catalina.core.StandardService - Starting service [Tomcat]
2024-08-16 20:03:42 [main] INFO  o.a.catalina.core.StandardEngine - Starting Servlet engine: [Apache Tomcat/10.1.26]
2024-08-16 20:03:42 [main] INFO  o.a.c.c.C.[Tomcat].[localhost].[/] - Initializing Spring embedded WebApplicationContext
2024-08-16 20:03:42 [main] INFO  o.s.b.w.s.c.ServletWebServerApplicationContext - Root WebApplicationContext: initialization completed in 757 ms
2024-08-16 20:03:44 [main] INFO  o.s.cloud.commons.util.InetUtils - Cannot determine local hostname
2024-08-16 20:03:46 [main] INFO  o.a.coyote.http11.Http11NioProtocol - Starting ProtocolHandler ["http-nio-8888"]
2024-08-16 20:03:46 [main] INFO  o.s.b.w.e.tomcat.TomcatWebServer - Tomcat started on port 8888 (http) with context path '/'
2024-08-16 20:03:47 [main] INFO  o.s.cloud.commons.util.InetUtils - Cannot determine local hostname
2024-08-16 20:03:47 [main] INFO  c.m.demo.config.server.ConfigServer - Started ConfigServer in 8.626 seconds (process running for 9.396)
2024-08-16 20:04:13 [Thread-4] WARN  o.s.c.c.s.e.MultipleJGitEnvironmentRepository - Failed to delete temporary directory on exit: java.nio.file.AccessDeniedException: C:\Users\mnonv\AppData\Local\Temp\config-repo-1490898954812828904\.git\objects\pack\pack-46ae12818ccc86b2a05cec06365afa515d6d5630.idx
2024-08-16 20:05:20 [background-preinit] INFO  o.h.validator.internal.util.Version - HV000001: Hibernate Validator 8.0.1.Final
2024-08-16 20:05:22 [main] INFO  c.m.demo.config.server.ConfigServer - No active profile set, falling back to 1 default profile: "default"
2024-08-16 20:05:22 [main] INFO  o.s.cloud.context.scope.GenericScope - BeanFactory id=ee81cf4f-e713-3ce5-a07e-425058e85c07
2024-08-16 20:05:23 [main] INFO  o.s.b.w.e.tomcat.TomcatWebServer - Tomcat initialized with port 8888 (http)
2024-08-16 20:05:23 [main] INFO  o.a.coyote.http11.Http11NioProtocol - Initializing ProtocolHandler ["http-nio-8888"]
2024-08-16 20:05:23 [main] INFO  o.a.catalina.core.StandardService - Starting service [Tomcat]
2024-08-16 20:05:23 [main] INFO  o.a.catalina.core.StandardEngine - Starting Servlet engine: [Apache Tomcat/10.1.26]
2024-08-16 20:05:23 [main] INFO  o.a.c.c.C.[Tomcat].[localhost].[/] - Initializing Spring embedded WebApplicationContext
2024-08-16 20:05:23 [main] INFO  o.s.b.w.s.c.ServletWebServerApplicationContext - Root WebApplicationContext: initialization completed in 779 ms
2024-08-16 20:05:24 [main] INFO  o.s.cloud.commons.util.InetUtils - Cannot determine local hostname
2024-08-16 20:05:26 [main] INFO  o.a.coyote.http11.Http11NioProtocol - Starting ProtocolHandler ["http-nio-8888"]
2024-08-16 20:05:26 [main] INFO  o.s.b.w.e.tomcat.TomcatWebServer - Tomcat started on port 8888 (http) with context path '/'
2024-08-16 20:05:27 [main] INFO  o.s.cloud.commons.util.InetUtils - Cannot determine local hostname
2024-08-16 20:05:27 [main] INFO  c.m.demo.config.server.ConfigServer - Started ConfigServer in 8.618 seconds (process running for 9.323)
2024-08-16 20:06:38 [Thread-4] WARN  o.s.c.c.s.e.MultipleJGitEnvironmentRepository - Failed to delete temporary directory on exit: java.nio.file.AccessDeniedException: C:\Users\mnonv\AppData\Local\Temp\config-repo-18425631235589062991\.git\objects\pack\pack-46ae12818ccc86b2a05cec06365afa515d6d5630.idx
2024-08-16 20:06:47 [background-preinit] INFO  o.h.validator.internal.util.Version - HV000001: Hibernate Validator 8.0.1.Final
2024-08-16 20:06:48 [main] INFO  c.m.demo.config.server.ConfigServer - No active profile set, falling back to 1 default profile: "default"
2024-08-16 20:06:49 [main] INFO  o.s.cloud.context.scope.GenericScope - BeanFactory id=ee81cf4f-e713-3ce5-a07e-425058e85c07
2024-08-16 20:06:49 [main] INFO  o.s.b.w.e.tomcat.TomcatWebServer - Tomcat initialized with port 8888 (http)
2024-08-16 20:06:49 [main] INFO  o.a.coyote.http11.Http11NioProtocol - Initializing ProtocolHandler ["http-nio-8888"]
2024-08-16 20:06:49 [main] INFO  o.a.catalina.core.StandardService - Starting service [Tomcat]
2024-08-16 20:06:49 [main] INFO  o.a.catalina.core.StandardEngine - Starting Servlet engine: [Apache Tomcat/10.1.26]
2024-08-16 20:06:49 [main] INFO  o.a.c.c.C.[Tomcat].[localhost].[/] - Initializing Spring embedded WebApplicationContext
2024-08-16 20:06:49 [main] INFO  o.s.b.w.s.c.ServletWebServerApplicationContext - Root WebApplicationContext: initialization completed in 787 ms
2024-08-16 20:06:51 [main] INFO  o.s.cloud.commons.util.InetUtils - Cannot determine local hostname
2024-08-16 20:06:53 [main] INFO  o.a.coyote.http11.Http11NioProtocol - Starting ProtocolHandler ["http-nio-8888"]
2024-08-16 20:06:53 [main] INFO  o.s.b.w.e.tomcat.TomcatWebServer - Tomcat started on port 8888 (http) with context path '/'
2024-08-16 20:06:54 [main] INFO  o.s.cloud.commons.util.InetUtils - Cannot determine local hostname
2024-08-16 20:06:54 [main] INFO  c.m.demo.config.server.ConfigServer - Started ConfigServer in 8.564 seconds (process running for 9.252)
2024-08-16 20:08:39 [http-nio-8888-exec-1] INFO  o.a.c.c.C.[Tomcat].[localhost].[/] - Initializing Spring DispatcherServlet 'dispatcherServlet'
2024-08-16 20:08:39 [http-nio-8888-exec-1] INFO  o.s.web.servlet.DispatcherServlet - Initializing Servlet 'dispatcherServlet'
2024-08-16 20:08:39 [http-nio-8888-exec-1] INFO  o.s.web.servlet.DispatcherServlet - Completed initialization in 1 ms
2024-08-16 20:08:40 [http-nio-8888-exec-1] INFO  o.s.c.c.s.e.NativeEnvironmentRepository - Adding property source: Config resource 'file [C:\Users\mnonv\AppData\Local\Temp\config-repo-16952344812673209091\config-client-twitter_to_kafka.yml]' via location 'file:/C:/Users/mnonv/AppData/Local/Temp/config-repo-16952344812673209091/'
2024-08-16 20:08:40 [http-nio-8888-exec-1] INFO  o.s.c.c.s.e.NativeEnvironmentRepository - Adding property source: Config resource 'file [C:\Users\mnonv\AppData\Local\Temp\config-repo-16952344812673209091\config-client.yml]' via location 'file:/C:/Users/mnonv/AppData/Local/Temp/config-repo-16952344812673209091/'
2024-08-16 20:10:35 [Thread-4] WARN  o.s.c.c.s.e.MultipleJGitEnvironmentRepository - Failed to delete temporary directory on exit: java.nio.file.AccessDeniedException: C:\Users\mnonv\AppData\Local\Temp\config-repo-16952344812673209091\.git\objects\pack\pack-46ae12818ccc86b2a05cec06365afa515d6d5630.idx
2024-08-16 20:10:49 [background-preinit] INFO  o.h.validator.internal.util.Version - HV000001: Hibernate Validator 8.0.1.Final
2024-08-16 20:10:50 [main] INFO  c.m.demo.config.server.ConfigServer - No active profile set, falling back to 1 default profile: "default"
2024-08-16 20:10:51 [main] INFO  o.s.cloud.context.scope.GenericScope - BeanFactory id=ee81cf4f-e713-3ce5-a07e-425058e85c07
2024-08-16 20:10:51 [main] INFO  o.s.b.w.e.tomcat.TomcatWebServer - Tomcat initialized with port 8888 (http)
2024-08-16 20:10:51 [main] INFO  o.a.coyote.http11.Http11NioProtocol - Initializing ProtocolHandler ["http-nio-8888"]
2024-08-16 20:10:51 [main] INFO  o.a.catalina.core.StandardService - Starting service [Tomcat]
2024-08-16 20:10:51 [main] INFO  o.a.catalina.core.StandardEngine - Starting Servlet engine: [Apache Tomcat/10.1.26]
2024-08-16 20:10:51 [main] INFO  o.a.c.c.C.[Tomcat].[localhost].[/] - Initializing Spring embedded WebApplicationContext
2024-08-16 20:10:51 [main] INFO  o.s.b.w.s.c.ServletWebServerApplicationContext - Root WebApplicationContext: initialization completed in 765 ms
2024-08-16 20:10:52 [main] INFO  o.s.cloud.commons.util.InetUtils - Cannot determine local hostname
2024-08-16 20:10:55 [main] INFO  o.a.coyote.http11.Http11NioProtocol - Starting ProtocolHandler ["http-nio-8888"]
2024-08-16 20:10:55 [main] INFO  o.s.b.w.e.tomcat.TomcatWebServer - Tomcat started on port 8888 (http) with context path '/'
2024-08-16 20:10:56 [main] INFO  o.s.cloud.commons.util.InetUtils - Cannot determine local hostname
2024-08-16 20:10:56 [main] INFO  c.m.demo.config.server.ConfigServer - Started ConfigServer in 8.522 seconds (process running for 9.183)
2024-08-16 20:13:03 [Thread-4] WARN  o.s.c.c.s.e.MultipleJGitEnvironmentRepository - Failed to delete temporary directory on exit: java.nio.file.AccessDeniedException: C:\Users\mnonv\AppData\Local\Temp\config-repo-11856351906715963798\.git\objects\pack\pack-46ae12818ccc86b2a05cec06365afa515d6d5630.idx
2024-08-16 20:19:50 [background-preinit] INFO  o.h.validator.internal.util.Version - HV000001: Hibernate Validator 8.0.1.Final
2024-08-16 20:19:52 [main] INFO  c.m.demo.config.server.ConfigServer - No active profile set, falling back to 1 default profile: "default"
2024-08-16 20:19:52 [main] INFO  o.s.cloud.context.scope.GenericScope - BeanFactory id=ee81cf4f-e713-3ce5-a07e-425058e85c07
2024-08-16 20:19:52 [main] INFO  o.s.b.w.e.tomcat.TomcatWebServer - Tomcat initialized with port 8888 (http)
2024-08-16 20:19:52 [main] INFO  o.a.coyote.http11.Http11NioProtocol - Initializing ProtocolHandler ["http-nio-8888"]
2024-08-16 20:19:52 [main] INFO  o.a.catalina.core.StandardService - Starting service [Tomcat]
2024-08-16 20:19:52 [main] INFO  o.a.catalina.core.StandardEngine - Starting Servlet engine: [Apache Tomcat/10.1.26]
2024-08-16 20:19:52 [main] INFO  o.a.c.c.C.[Tomcat].[localhost].[/] - Initializing Spring embedded WebApplicationContext
2024-08-16 20:19:52 [main] INFO  o.s.b.w.s.c.ServletWebServerApplicationContext - Root WebApplicationContext: initialization completed in 745 ms
2024-08-16 20:19:54 [main] INFO  o.s.cloud.commons.util.InetUtils - Cannot determine local hostname
2024-08-16 20:19:56 [main] INFO  o.a.coyote.http11.Http11NioProtocol - Starting ProtocolHandler ["http-nio-8888"]
2024-08-16 20:19:56 [main] INFO  o.s.b.w.e.tomcat.TomcatWebServer - Tomcat started on port 8888 (http) with context path '/'
2024-08-16 20:19:57 [main] INFO  o.s.cloud.commons.util.InetUtils - Cannot determine local hostname
2024-08-16 20:19:57 [main] INFO  c.m.demo.config.server.ConfigServer - Started ConfigServer in 8.611 seconds (process running for 9.273)
2024-08-16 20:25:08 [Thread-4] WARN  o.s.c.c.s.e.MultipleJGitEnvironmentRepository - Failed to delete temporary directory on exit: java.nio.file.AccessDeniedException: C:\Users\mnonv\AppData\Local\Temp\config-repo-10949457908822492043\.git\objects\pack\pack-46ae12818ccc86b2a05cec06365afa515d6d5630.idx
2024-08-16 20:37:34 [background-preinit] INFO  o.h.validator.internal.util.Version - HV000001: Hibernate Validator 8.0.1.Final
2024-08-16 20:37:36 [main] INFO  c.m.demo.config.server.ConfigServer - No active profile set, falling back to 1 default profile: "default"
2024-08-16 20:37:37 [main] INFO  o.s.cloud.context.scope.GenericScope - BeanFactory id=ee81cf4f-e713-3ce5-a07e-425058e85c07
2024-08-16 20:37:37 [main] INFO  o.s.b.w.e.tomcat.TomcatWebServer - Tomcat initialized with port 8888 (http)
2024-08-16 20:37:37 [main] INFO  o.a.coyote.http11.Http11NioProtocol - Initializing ProtocolHandler ["http-nio-8888"]
2024-08-16 20:37:37 [main] INFO  o.a.catalina.core.StandardService - Starting service [Tomcat]
2024-08-16 20:37:37 [main] INFO  o.a.catalina.core.StandardEngine - Starting Servlet engine: [Apache Tomcat/10.1.26]
2024-08-16 20:37:37 [main] INFO  o.a.c.c.C.[Tomcat].[localhost].[/] - Initializing Spring embedded WebApplicationContext
2024-08-16 20:37:37 [main] INFO  o.s.b.w.s.c.ServletWebServerApplicationContext - Root WebApplicationContext: initialization completed in 992 ms
2024-08-16 20:37:38 [main] INFO  o.s.cloud.commons.util.InetUtils - Cannot determine local hostname
2024-08-16 20:37:41 [main] INFO  o.a.coyote.http11.Http11NioProtocol - Starting ProtocolHandler ["http-nio-8888"]
2024-08-16 20:37:41 [main] INFO  o.s.b.w.e.tomcat.TomcatWebServer - Tomcat started on port 8888 (http) with context path '/'
2024-08-16 20:37:42 [main] INFO  o.s.cloud.commons.util.InetUtils - Cannot determine local hostname
2024-08-16 20:37:42 [main] INFO  c.m.demo.config.server.ConfigServer - Started ConfigServer in 9.514 seconds (process running for 10.54)
2024-08-16 20:38:49 [Thread-4] WARN  o.s.c.c.s.e.MultipleJGitEnvironmentRepository - Failed to delete temporary directory on exit: java.nio.file.AccessDeniedException: C:\Users\mnonv\AppData\Local\Temp\config-repo-5332646108672344593\.git\objects\pack\pack-49341b17370b30eefa01b1cb36759fe5a03c68d5.idx
2024-08-16 20:56:48 [background-preinit] INFO  o.h.validator.internal.util.Version - HV000001: Hibernate Validator 8.0.1.Final
2024-08-16 20:56:49 [main] INFO  c.m.demo.config.server.ConfigServer - No active profile set, falling back to 1 default profile: "default"
2024-08-16 20:56:50 [main] INFO  o.s.cloud.context.scope.GenericScope - BeanFactory id=ee81cf4f-e713-3ce5-a07e-425058e85c07
2024-08-16 20:56:50 [main] INFO  o.s.b.w.e.tomcat.TomcatWebServer - Tomcat initialized with port 8888 (http)
2024-08-16 20:56:50 [main] INFO  o.a.coyote.http11.Http11NioProtocol - Initializing ProtocolHandler ["http-nio-8888"]
2024-08-16 20:56:50 [main] INFO  o.a.catalina.core.StandardService - Starting service [Tomcat]
2024-08-16 20:56:50 [main] INFO  o.a.catalina.core.StandardEngine - Starting Servlet engine: [Apache Tomcat/10.1.26]
2024-08-16 20:56:50 [main] INFO  o.a.c.c.C.[Tomcat].[localhost].[/] - Initializing Spring embedded WebApplicationContext
2024-08-16 20:56:50 [main] INFO  o.s.b.w.s.c.ServletWebServerApplicationContext - Root WebApplicationContext: initialization completed in 1118 ms
2024-08-16 20:56:52 [main] INFO  o.s.cloud.commons.util.InetUtils - Cannot determine local hostname
2024-08-16 20:56:55 [main] INFO  o.a.coyote.http11.Http11NioProtocol - Starting ProtocolHandler ["http-nio-8888"]
2024-08-16 20:56:55 [main] INFO  o.s.b.w.e.tomcat.TomcatWebServer - Tomcat started on port 8888 (http) with context path '/'
2024-08-16 20:56:56 [main] INFO  o.s.cloud.commons.util.InetUtils - Cannot determine local hostname
2024-08-16 20:56:56 [main] INFO  c.m.demo.config.server.ConfigServer - Started ConfigServer in 9.677 seconds (process running for 10.569)
2024-08-16 20:59:39 [Thread-4] WARN  o.s.c.c.s.e.MultipleJGitEnvironmentRepository - Failed to delete temporary directory on exit: java.nio.file.AccessDeniedException: C:\Users\mnonv\AppData\Local\Temp\config-repo-8574562756676451917\.git\objects\pack\pack-49341b17370b30eefa01b1cb36759fe5a03c68d5.idx
