2024-08-12 02:22:56 [main] INFO  c.m.d.t.t.k.s.TwitterToKafkaServiceApplication - Starting TwitterToKafkaServiceApplication using Java 17.0.8 with PID 36560 (C:\practice\microservices-demo\twitter-to-kafka-service\target\classes started by mnonv in C:\practice\microservices-demo)
2024-08-12 02:22:56 [main] INFO  c.m.d.t.t.k.s.TwitterToKafkaServiceApplication - No active profile set, falling back to 1 default profile: "default"
2024-08-12 02:22:57 [main] INFO  c.m.d.t.t.k.s.TwitterToKafkaServiceApplication - Started TwitterToKafkaServiceApplication in 0.852 seconds (process running for 1.581)
2024-08-12 02:22:57 [main] INFO  c.m.d.t.t.k.s.TwitterToKafkaServiceApplication - App starts....
2024-08-12 02:22:57 [main] INFO  c.m.d.t.t.k.s.TwitterToKafkaServiceApplication - [Java, Microservices, Kafka, Spring, Elasticsearch]
2024-08-12 02:25:14 [main] INFO  c.m.d.t.t.k.s.TwitterToKafkaServiceApplication - Starting TwitterToKafkaServiceApplication using Java 17.0.8 with PID 23072 (C:\practice\microservices-demo\twitter-to-kafka-service\target\classes started by mnonv in C:\practice\microservices-demo)
2024-08-12 02:25:14 [main] INFO  c.m.d.t.t.k.s.TwitterToKafkaServiceApplication - No active profile set, falling back to 1 default profile: "default"
2024-08-12 02:25:14 [main] INFO  c.m.d.t.t.k.s.TwitterToKafkaServiceApplication - Started TwitterToKafkaServiceApplication in 0.779 seconds (process running for 1.334)
2024-08-12 02:25:14 [main] INFO  c.m.d.t.t.k.s.TwitterToKafkaServiceApplication - App starts....
2024-08-12 02:25:14 [main] INFO  c.m.d.t.t.k.s.TwitterToKafkaServiceApplication - [Java, Microservices, Kafka, Spring, Elasticsearch]
2024-08-12 02:25:14 [main] INFO  c.m.d.t.t.k.s.TwitterToKafkaServiceApplication - null
2024-08-12 02:26:04 [main] INFO  c.m.d.t.t.k.s.TwitterToKafkaServiceApplication - Starting TwitterToKafkaServiceApplication using Java 17.0.8 with PID 30092 (C:\practice\microservices-demo\twitter-to-kafka-service\target\classes started by mnonv in C:\practice\microservices-demo)
2024-08-12 02:26:04 [main] INFO  c.m.d.t.t.k.s.TwitterToKafkaServiceApplication - No active profile set, falling back to 1 default profile: "default"
2024-08-12 02:26:04 [main] INFO  c.m.d.t.t.k.s.TwitterToKafkaServiceApplication - Started TwitterToKafkaServiceApplication in 0.841 seconds (process running for 1.373)
2024-08-12 02:26:04 [main] INFO  c.m.d.t.t.k.s.TwitterToKafkaServiceApplication - App starts....
2024-08-12 02:26:04 [main] INFO  c.m.d.t.t.k.s.TwitterToKafkaServiceApplication - [Java, Microservices, Kafka, Spring, Elasticsearch]
2024-08-12 02:26:04 [main] INFO  c.m.d.t.t.k.s.TwitterToKafkaServiceApplication - Hello Microservices
2024-08-12 14:30:59 [main] INFO  c.m.d.t.t.k.s.TwitterToKafkaServiceApplication - Starting TwitterToKafkaServiceApplication using Java 17.0.8 with PID 9404 (C:\practice\microservices-demo\twitter-to-kafka-service\target\classes started by mnonv in C:\practice\microservices-demo)
2024-08-12 14:30:59 [main] INFO  c.m.d.t.t.k.s.TwitterToKafkaServiceApplication - No active profile set, falling back to 1 default profile: "default"
2024-08-12 14:30:59 [main] INFO  c.m.d.t.t.k.s.TwitterToKafkaServiceApplication - Started TwitterToKafkaServiceApplication in 0.917 seconds (process running for 1.573)
2024-08-12 14:30:59 [main] INFO  c.m.d.t.t.k.s.TwitterToKafkaServiceApplication - App starts....
2024-08-12 14:30:59 [main] INFO  c.m.d.t.t.k.s.TwitterToKafkaServiceApplication - [Java, Microservices, Kafka, Spring, Elasticsearch]
2024-08-12 14:30:59 [main] INFO  c.m.d.t.t.k.s.TwitterToKafkaServiceApplication - Hello Microservices
2024-08-12 14:30:59 [main] INFO  c.m.d.t.t.k.s.r.i.TwitterKafkaStreamRunner - Strating mock flitering twitter streams for keywords [Java, Microservices, Kafka, Spring, Elasticsearch]
2024-08-12 14:31:00 [pool-2-thread-1] INFO  c.m.d.t.t.k.s.l.TwitterKafkaStatusListener - Twitter status with text Sed amet Lorem Microservices dolor venenatis
2024-08-12 14:31:10 [pool-2-thread-1] INFO  c.m.d.t.t.k.s.l.TwitterKafkaStatusListener - Twitter status with text nisi Lorem consectetur elit Microservices amet consectetur semper
2024-08-12 14:31:20 [pool-2-thread-1] INFO  c.m.d.t.t.k.s.l.TwitterKafkaStatusListener - Twitter status with text Cras dolor sit venenatis Kafka Lorem Lorem adipiscing
2024-08-12 18:34:43 [main] INFO  c.m.d.t.t.k.s.TwitterToKafkaServiceApplication - Starting TwitterToKafkaServiceApplication using Java 17.0.8 with PID 15392 (C:\practice\microservices-demo\twitter-to-kafka-service\target\classes started by mnonv in C:\practice\microservices-demo)
2024-08-12 18:34:43 [main] INFO  c.m.d.t.t.k.s.TwitterToKafkaServiceApplication - No active profile set, falling back to 1 default profile: "default"
2024-08-12 18:34:43 [main] INFO  c.m.d.t.t.k.s.TwitterToKafkaServiceApplication - Started TwitterToKafkaServiceApplication in 0.898 seconds (process running for 2.108)
2024-08-12 18:34:43 [main] INFO  c.m.d.t.t.k.s.TwitterToKafkaServiceApplication - App starts....
2024-08-12 18:34:43 [main] INFO  c.m.d.t.t.k.s.TwitterToKafkaServiceApplication - [Java, Microservices, Kafka, Spring, Elasticsearch]
2024-08-12 18:34:43 [main] INFO  c.m.d.t.t.k.s.TwitterToKafkaServiceApplication - Hello Microservices
2024-08-12 18:34:43 [main] INFO  c.m.d.t.t.k.s.r.i.TwitterKafkaStreamRunner - Strating mock flitering twitter streams for keywords [Java, Microservices, Kafka, Spring, Elasticsearch]
2024-08-12 18:34:43 [pool-2-thread-1] INFO  c.m.d.t.t.k.s.l.TwitterKafkaStatusListener - Twitter status with text Cras semper semper Lorem elit elit venenatis quam Elasticsearch venenatis semper amet quam elit amet
2024-08-12 18:34:53 [pool-2-thread-1] INFO  c.m.d.t.t.k.s.l.TwitterKafkaStatusListener - Twitter status with text Cras nisi semper Java ipsum sit
2024-08-12 18:35:03 [pool-2-thread-1] INFO  c.m.d.t.t.k.s.l.TwitterKafkaStatusListener - Twitter status with text ipsum Cras quam at adipiscing at Kafka laoreet nisi laoreet laoreet nisi
2024-08-12 23:59:22 [main] INFO  c.m.d.t.t.k.s.TwitterToKafkaServiceApplication - Starting TwitterToKafkaServiceApplication using Java 17.0.8 with PID 25944 (C:\practice\microservices-demo\twitter-to-kafka-service\target\classes started by mnonv in C:\practice\microservices-demo)
2024-08-12 23:59:22 [main] INFO  c.m.d.t.t.k.s.TwitterToKafkaServiceApplication - No active profile set, falling back to 1 default profile: "default"
2024-08-12 23:59:22 [main] WARN  o.s.c.a.AnnotationTypeMapping - Support for convention-based annotation attribute overrides is deprecated and will be removed in Spring Framework 6.2. Please annotate the following attributes in @org.springframework.retry.annotation.EnableRetry with appropriate @AliasFor declarations: [proxyTargetClass]
2024-08-12 23:59:23 [main] WARN  o.s.b.w.r.c.AnnotationConfigReactiveWebServerApplicationContext - Exception encountered during context initialization - cancelling refresh attempt: java.lang.IllegalStateException: Error processing condition on org.springframework.boot.autoconfigure.kafka.KafkaAutoConfiguration.kafkaTemplate
2024-08-12 23:59:23 [main] INFO  o.s.b.a.l.ConditionEvaluationReportLogger - 

Error starting ApplicationContext. To display the condition evaluation report re-run your application with 'debug' enabled.
2024-08-12 23:59:23 [main] ERROR o.s.boot.SpringApplication - Application run failed
java.lang.IllegalStateException: Error processing condition on org.springframework.boot.autoconfigure.kafka.KafkaAutoConfiguration.kafkaTemplate
	at org.springframework.boot.autoconfigure.condition.SpringBootCondition.matches(SpringBootCondition.java:60)
	at org.springframework.context.annotation.ConditionEvaluator.shouldSkip(ConditionEvaluator.java:108)
	at org.springframework.context.annotation.ConfigurationClassBeanDefinitionReader.loadBeanDefinitionsForBeanMethod(ConfigurationClassBeanDefinitionReader.java:183)
	at org.springframework.context.annotation.ConfigurationClassBeanDefinitionReader.loadBeanDefinitionsForConfigurationClass(ConfigurationClassBeanDefinitionReader.java:144)
	at org.springframework.context.annotation.ConfigurationClassBeanDefinitionReader.loadBeanDefinitions(ConfigurationClassBeanDefinitionReader.java:120)
	at org.springframework.context.annotation.ConfigurationClassPostProcessor.processConfigBeanDefinitions(ConfigurationClassPostProcessor.java:429)
	at org.springframework.context.annotation.ConfigurationClassPostProcessor.postProcessBeanDefinitionRegistry(ConfigurationClassPostProcessor.java:290)
	at org.springframework.context.support.PostProcessorRegistrationDelegate.invokeBeanDefinitionRegistryPostProcessors(PostProcessorRegistrationDelegate.java:349)
	at org.springframework.context.support.PostProcessorRegistrationDelegate.invokeBeanFactoryPostProcessors(PostProcessorRegistrationDelegate.java:118)
	at org.springframework.context.support.AbstractApplicationContext.invokeBeanFactoryPostProcessors(AbstractApplicationContext.java:789)
	at org.springframework.context.support.AbstractApplicationContext.refresh(AbstractApplicationContext.java:607)
	at org.springframework.boot.web.reactive.context.ReactiveWebServerApplicationContext.refresh(ReactiveWebServerApplicationContext.java:66)
	at org.springframework.boot.SpringApplication.refresh(SpringApplication.java:754)
	at org.springframework.boot.SpringApplication.refreshContext(SpringApplication.java:456)
	at org.springframework.boot.SpringApplication.run(SpringApplication.java:335)
	at org.springframework.boot.SpringApplication.run(SpringApplication.java:1363)
	at org.springframework.boot.SpringApplication.run(SpringApplication.java:1352)
	at com.microservices.demo.twitter.to.kafka.service.TwitterToKafkaServiceApplication.main(TwitterToKafkaServiceApplication.java:28)
Caused by: java.lang.IllegalStateException: Failed to introspect Class [org.springframework.boot.autoconfigure.kafka.KafkaAutoConfiguration] from ClassLoader [jdk.internal.loader.ClassLoaders$AppClassLoader@1d44bcfa]
	at org.springframework.util.ReflectionUtils.getDeclaredMethods(ReflectionUtils.java:483)
	at org.springframework.util.ReflectionUtils.doWithMethods(ReflectionUtils.java:360)
	at org.springframework.util.ReflectionUtils.getUniqueDeclaredMethods(ReflectionUtils.java:417)
	at org.springframework.beans.factory.support.AbstractAutowireCapableBeanFactory.lambda$getTypeForFactoryMethod$1(AbstractAutowireCapableBeanFactory.java:750)
	at java.base/java.util.concurrent.ConcurrentHashMap.computeIfAbsent(ConcurrentHashMap.java:1708)
	at org.springframework.beans.factory.support.AbstractAutowireCapableBeanFactory.getTypeForFactoryMethod(AbstractAutowireCapableBeanFactory.java:749)
	at org.springframework.beans.factory.support.AbstractAutowireCapableBeanFactory.determineTargetType(AbstractAutowireCapableBeanFactory.java:682)
	at org.springframework.beans.factory.support.AbstractAutowireCapableBeanFactory.predictBeanType(AbstractAutowireCapableBeanFactory.java:653)
	at org.springframework.beans.factory.support.AbstractBeanFactory.isFactoryBean(AbstractBeanFactory.java:1687)
	at org.springframework.beans.factory.support.DefaultListableBeanFactory.doGetBeanNamesForType(DefaultListableBeanFactory.java:562)
	at org.springframework.beans.factory.support.DefaultListableBeanFactory.getBeanNamesForType(DefaultListableBeanFactory.java:534)
	at org.springframework.boot.autoconfigure.condition.OnBeanCondition.collectBeanNamesForType(OnBeanCondition.java:247)
	at org.springframework.boot.autoconfigure.condition.OnBeanCondition.getBeanNamesForType(OnBeanCondition.java:240)
	at org.springframework.boot.autoconfigure.condition.OnBeanCondition.getBeanNamesForType(OnBeanCondition.java:230)
	at org.springframework.boot.autoconfigure.condition.OnBeanCondition.getMatchingBeans(OnBeanCondition.java:183)
	at org.springframework.boot.autoconfigure.condition.OnBeanCondition.getMatchOutcome(OnBeanCondition.java:158)
	at org.springframework.boot.autoconfigure.condition.SpringBootCondition.matches(SpringBootCondition.java:47)
	... 17 common frames omitted
Caused by: java.lang.NoClassDefFoundError: org/springframework/kafka/retrytopic/RetryTopicConfigurationBuilder
	at java.base/java.lang.Class.getDeclaredMethods0(Native Method)
	at java.base/java.lang.Class.privateGetDeclaredMethods(Class.java:3402)
	at java.base/java.lang.Class.getDeclaredMethods(Class.java:2504)
	at org.springframework.util.ReflectionUtils.getDeclaredMethods(ReflectionUtils.java:465)
	... 33 common frames omitted
Caused by: java.lang.ClassNotFoundException: org.springframework.kafka.retrytopic.RetryTopicConfigurationBuilder
	at java.base/jdk.internal.loader.BuiltinClassLoader.loadClass(BuiltinClassLoader.java:641)
	at java.base/jdk.internal.loader.ClassLoaders$AppClassLoader.loadClass(ClassLoaders.java:188)
	at java.base/java.lang.ClassLoader.loadClass(ClassLoader.java:520)
	... 37 common frames omitted
