2024-08-17 19:02:22 [main] INFO  c.m.d.t.t.k.s.TwitterToKafkaServiceApplication - Starting TwitterToKafkaServiceApplication using Java 17.0.8 with PID 22836 (C:\practice\microservices-demo\twitter-to-kafka-service\target\classes started by mnonv in C:\practice\microservices-demo)
2024-08-17 19:02:22 [main] INFO  c.m.d.t.t.k.s.TwitterToKafkaServiceApplication - The following 1 profile is active: "twitter_to_kafka"
2024-08-17 19:02:23 [main] INFO  o.s.c.c.c.ConfigServerConfigDataLoader - Fetching config from server at : http://localhost:8888
2024-08-17 19:02:23 [main] INFO  o.s.c.c.c.ConfigServerConfigDataLoader - Located environment: name=twitter-to-kafka-service,config-client, profiles=[default], label=null, version=e165c1ea98b181fe6741caae52d0f70a6b596471, state=null
2024-08-17 19:02:23 [main] INFO  o.s.c.c.c.ConfigServerConfigDataLoader - Fetching config from server at : http://localhost:8888
2024-08-17 19:02:23 [main] INFO  o.s.c.c.c.ConfigServerConfigDataLoader - Located environment: name=twitter-to-kafka-service,config-client, profiles=[twitter_to_kafka], label=null, version=e165c1ea98b181fe6741caae52d0f70a6b596471, state=null
2024-08-17 19:02:23 [main] INFO  o.s.cloud.context.scope.GenericScope - BeanFactory id=6a1d0d25-9114-33af-96f0-149113c0783d
2024-08-17 19:02:24 [main] INFO  o.a.k.c.admin.AdminClientConfig - AdminClientConfig values: 
	auto.include.jmx.reporter = true
	bootstrap.controllers = []
	bootstrap.servers = [localhost:19092, localhost:29092, localhost:39092]
	client.dns.lookup = use_all_dns_ips
	client.id = 
	connections.max.idle.ms = 300000
	default.api.timeout.ms = 60000
	enable.metrics.push = true
	metadata.max.age.ms = 300000
	metric.reporters = []
	metrics.num.samples = 2
	metrics.recording.level = INFO
	metrics.sample.window.ms = 30000
	receive.buffer.bytes = 65536
	reconnect.backoff.max.ms = 1000
	reconnect.backoff.ms = 50
	request.timeout.ms = 30000
	retries = 2147483647
	retry.backoff.max.ms = 1000
	retry.backoff.ms = 100
	sasl.client.callback.handler.class = null
	sasl.jaas.config = null
	sasl.kerberos.kinit.cmd = /usr/bin/kinit
	sasl.kerberos.min.time.before.relogin = 60000
	sasl.kerberos.service.name = null
	sasl.kerberos.ticket.renew.jitter = 0.05
	sasl.kerberos.ticket.renew.window.factor = 0.8
	sasl.login.callback.handler.class = null
	sasl.login.class = null
	sasl.login.connect.timeout.ms = null
	sasl.login.read.timeout.ms = null
	sasl.login.refresh.buffer.seconds = 300
	sasl.login.refresh.min.period.seconds = 60
	sasl.login.refresh.window.factor = 0.8
	sasl.login.refresh.window.jitter = 0.05
	sasl.login.retry.backoff.max.ms = 10000
	sasl.login.retry.backoff.ms = 100
	sasl.mechanism = GSSAPI
	sasl.oauthbearer.clock.skew.seconds = 30
	sasl.oauthbearer.expected.audience = null
	sasl.oauthbearer.expected.issuer = null
	sasl.oauthbearer.jwks.endpoint.refresh.ms = 3600000
	sasl.oauthbearer.jwks.endpoint.retry.backoff.max.ms = 10000
	sasl.oauthbearer.jwks.endpoint.retry.backoff.ms = 100
	sasl.oauthbearer.jwks.endpoint.url = null
	sasl.oauthbearer.scope.claim.name = scope
	sasl.oauthbearer.sub.claim.name = sub
	sasl.oauthbearer.token.endpoint.url = null
	security.protocol = PLAINTEXT
	security.providers = null
	send.buffer.bytes = 131072
	socket.connection.setup.timeout.max.ms = 30000
	socket.connection.setup.timeout.ms = 10000
	ssl.cipher.suites = null
	ssl.enabled.protocols = [TLSv1.2, TLSv1.3]
	ssl.endpoint.identification.algorithm = https
	ssl.engine.factory.class = null
	ssl.key.password = null
	ssl.keymanager.algorithm = SunX509
	ssl.keystore.certificate.chain = null
	ssl.keystore.key = null
	ssl.keystore.location = null
	ssl.keystore.password = null
	ssl.keystore.type = JKS
	ssl.protocol = TLSv1.3
	ssl.provider = null
	ssl.secure.random.implementation = null
	ssl.trustmanager.algorithm = PKIX
	ssl.truststore.certificates = null
	ssl.truststore.location = null
	ssl.truststore.password = null
	ssl.truststore.type = JKS

2024-08-17 19:02:24 [main] INFO  o.a.kafka.common.utils.AppInfoParser - Kafka version: 3.7.1
2024-08-17 19:02:24 [main] INFO  o.a.kafka.common.utils.AppInfoParser - Kafka commitId: e2494e6ffb89f828
2024-08-17 19:02:24 [main] INFO  o.a.kafka.common.utils.AppInfoParser - Kafka startTimeMs: 1723901544281
2024-08-17 19:02:24 [main] INFO  o.s.b.a.s.r.ReactiveUserDetailsServiceAutoConfiguration - 

Using generated security password: d29e614a-a35f-451a-b928-caf48d0be18b

2024-08-17 19:02:26 [main] INFO  o.s.cloud.commons.util.InetUtils - Cannot determine local hostname
2024-08-17 19:02:27 [main] INFO  o.s.cloud.commons.util.InetUtils - Cannot determine local hostname
2024-08-17 19:02:27 [main] INFO  o.s.b.w.e.netty.NettyWebServer - Netty started on port 8080 (http)
2024-08-17 19:02:28 [main] INFO  o.s.cloud.commons.util.InetUtils - Cannot determine local hostname
2024-08-17 19:02:29 [main] INFO  o.s.cloud.commons.util.InetUtils - Cannot determine local hostname
2024-08-17 19:02:29 [main] INFO  c.m.d.t.t.k.s.TwitterToKafkaServiceApplication - Started TwitterToKafkaServiceApplication in 10.699 seconds (process running for 11.535)
2024-08-17 19:02:29 [main] INFO  c.m.d.t.t.k.s.TwitterToKafkaServiceApplication - App starts...
2024-08-17 19:02:29 [main] INFO  c.m.d.k.a.client.KafkaAdminClient - Creating 1 topics(s), attempt 0
2024-08-17 19:02:29 [main] INFO  c.m.d.k.a.client.KafkaAdminClient - Create topic result [KafkaFuture{value=null,exception=null,done=false}]
2024-08-17 19:02:29 [main] INFO  c.m.d.k.a.client.KafkaAdminClient - Reading kafka topic [twitter-topic], attempt 0
2024-08-17 19:02:30 [main] INFO  c.m.d.t.t.k.s.i.i.KafkaStreamInitializer - Topics with name twitter-topic is ready for operations!
2024-08-17 19:02:30 [main] INFO  c.m.d.t.t.k.s.r.i.TwitterKafkaStreamRunner - Strating mock flitering twitter streams for keywords [Java, Microservices, Kafka, Elasticsearch]
2024-08-17 19:02:30 [pool-4-thread-1] INFO  c.m.d.t.t.k.s.l.TwitterKafkaStatusListener - Received status text quam dolor laoreet Elasticsearch Lorem sit sending to kafka topic twitter-topic
2024-08-17 19:02:30 [pool-4-thread-1] INFO  c.m.d.k.p.c.s.i.TwitterKafkaProducer - Sending message='{"userId": 6400251512340055249, "id": 8094691654887097574, "text": "quam dolor laoreet Elasticsearch Lorem sit", "createdAt": 1723901550000}' to topic='twitter-topic'
2024-08-17 19:02:30 [pool-4-thread-1] INFO  o.a.k.c.producer.ProducerConfig - ProducerConfig values: 
	acks = -1
	auto.include.jmx.reporter = true
	batch.size = 1638400
	bootstrap.servers = [localhost:19092, localhost:29092, localhost:39092]
	buffer.memory = 33554432
	client.dns.lookup = use_all_dns_ips
	client.id = twitter-to-kafka-service-producer-1
	compression.type = snappy
	connections.max.idle.ms = 540000
	delivery.timeout.ms = 120000
	enable.idempotence = true
	enable.metrics.push = true
	interceptor.classes = []
	key.serializer = class org.apache.kafka.common.serialization.LongSerializer
	linger.ms = 5
	max.block.ms = 60000
	max.in.flight.requests.per.connection = 5
	max.request.size = 1048576
	metadata.max.age.ms = 300000
	metadata.max.idle.ms = 300000
	metric.reporters = []
	metrics.num.samples = 2
	metrics.recording.level = INFO
	metrics.sample.window.ms = 30000
	partitioner.adaptive.partitioning.enable = true
	partitioner.availability.timeout.ms = 0
	partitioner.class = null
	partitioner.ignore.keys = false
	receive.buffer.bytes = 32768
	reconnect.backoff.max.ms = 1000
	reconnect.backoff.ms = 50
	request.timeout.ms = 60000
	retries = 5
	retry.backoff.max.ms = 1000
	retry.backoff.ms = 100
	sasl.client.callback.handler.class = null
	sasl.jaas.config = null
	sasl.kerberos.kinit.cmd = /usr/bin/kinit
	sasl.kerberos.min.time.before.relogin = 60000
	sasl.kerberos.service.name = null
	sasl.kerberos.ticket.renew.jitter = 0.05
	sasl.kerberos.ticket.renew.window.factor = 0.8
	sasl.login.callback.handler.class = null
	sasl.login.class = null
	sasl.login.connect.timeout.ms = null
	sasl.login.read.timeout.ms = null
	sasl.login.refresh.buffer.seconds = 300
	sasl.login.refresh.min.period.seconds = 60
	sasl.login.refresh.window.factor = 0.8
	sasl.login.refresh.window.jitter = 0.05
	sasl.login.retry.backoff.max.ms = 10000
	sasl.login.retry.backoff.ms = 100
	sasl.mechanism = GSSAPI
	sasl.oauthbearer.clock.skew.seconds = 30
	sasl.oauthbearer.expected.audience = null
	sasl.oauthbearer.expected.issuer = null
	sasl.oauthbearer.jwks.endpoint.refresh.ms = 3600000
	sasl.oauthbearer.jwks.endpoint.retry.backoff.max.ms = 10000
	sasl.oauthbearer.jwks.endpoint.retry.backoff.ms = 100
	sasl.oauthbearer.jwks.endpoint.url = null
	sasl.oauthbearer.scope.claim.name = scope
	sasl.oauthbearer.sub.claim.name = sub
	sasl.oauthbearer.token.endpoint.url = null
	security.protocol = PLAINTEXT
	security.providers = null
	send.buffer.bytes = 131072
	socket.connection.setup.timeout.max.ms = 30000
	socket.connection.setup.timeout.ms = 10000
	ssl.cipher.suites = null
	ssl.enabled.protocols = [TLSv1.2, TLSv1.3]
	ssl.endpoint.identification.algorithm = https
	ssl.engine.factory.class = null
	ssl.key.password = null
	ssl.keymanager.algorithm = SunX509
	ssl.keystore.certificate.chain = null
	ssl.keystore.key = null
	ssl.keystore.location = null
	ssl.keystore.password = null
	ssl.keystore.type = JKS
	ssl.protocol = TLSv1.3
	ssl.provider = null
	ssl.secure.random.implementation = null
	ssl.trustmanager.algorithm = PKIX
	ssl.truststore.certificates = null
	ssl.truststore.location = null
	ssl.truststore.password = null
	ssl.truststore.type = JKS
	transaction.timeout.ms = 60000
	transactional.id = null
	value.serializer = class io.confluent.kafka.serializers.KafkaAvroSerializer

2024-08-17 19:02:30 [pool-4-thread-1] INFO  o.a.k.c.t.i.KafkaMetricsCollector - initializing Kafka metrics collector
2024-08-17 19:02:30 [pool-4-thread-1] INFO  i.c.k.s.KafkaAvroSerializerConfig - KafkaAvroSerializerConfig values: 
	auto.register.schemas = true
	avro.reflection.allow.null = false
	avro.remove.java.properties = false
	avro.use.logical.type.converters = false
	basic.auth.credentials.source = URL
	basic.auth.user.info = [hidden]
	bearer.auth.cache.expiry.buffer.seconds = 300
	bearer.auth.client.id = null
	bearer.auth.client.secret = null
	bearer.auth.credentials.source = STATIC_TOKEN
	bearer.auth.identity.pool.id = null
	bearer.auth.issuer.endpoint.url = null
	bearer.auth.logical.cluster = null
	bearer.auth.scope = null
	bearer.auth.scope.claim.name = scope
	bearer.auth.sub.claim.name = sub
	bearer.auth.token = [hidden]
	context.name.strategy = class io.confluent.kafka.serializers.context.NullContextNameStrategy
	id.compatibility.strict = true
	key.subject.name.strategy = class io.confluent.kafka.serializers.subject.TopicNameStrategy
	latest.cache.size = 1000
	latest.cache.ttl.sec = -1
	latest.compatibility.strict = true
	max.schemas.per.subject = 1000
	normalize.schemas = false
	proxy.host = 
	proxy.port = -1
	rule.actions = []
	rule.executors = []
	schema.format = null
	schema.reflection = false
	schema.registry.basic.auth.user.info = [hidden]
	schema.registry.ssl.cipher.suites = null
	schema.registry.ssl.enabled.protocols = [TLSv1.2, TLSv1.3]
	schema.registry.ssl.endpoint.identification.algorithm = https
	schema.registry.ssl.engine.factory.class = null
	schema.registry.ssl.key.password = null
	schema.registry.ssl.keymanager.algorithm = SunX509
	schema.registry.ssl.keystore.certificate.chain = null
	schema.registry.ssl.keystore.key = null
	schema.registry.ssl.keystore.location = null
	schema.registry.ssl.keystore.password = null
	schema.registry.ssl.keystore.type = JKS
	schema.registry.ssl.protocol = TLSv1.3
	schema.registry.ssl.provider = null
	schema.registry.ssl.secure.random.implementation = null
	schema.registry.ssl.trustmanager.algorithm = PKIX
	schema.registry.ssl.truststore.certificates = null
	schema.registry.ssl.truststore.location = null
	schema.registry.ssl.truststore.password = null
	schema.registry.ssl.truststore.type = JKS
	schema.registry.url = [http://localhost:8081]
	use.latest.version = false
	use.latest.with.metadata = null
	use.schema.id = -1
	value.subject.name.strategy = class io.confluent.kafka.serializers.subject.TopicNameStrategy

2024-08-17 19:02:30 [pool-4-thread-1] INFO  o.a.k.clients.producer.KafkaProducer - [Producer clientId=twitter-to-kafka-service-producer-1] Instantiated an idempotent producer.
2024-08-17 19:02:30 [pool-4-thread-1] INFO  o.a.k.c.producer.ProducerConfig - These configurations '[schema.registry.url]' were supplied but are not used yet.
2024-08-17 19:02:30 [pool-4-thread-1] INFO  o.a.kafka.common.utils.AppInfoParser - Kafka version: 3.7.1
2024-08-17 19:02:30 [pool-4-thread-1] INFO  o.a.kafka.common.utils.AppInfoParser - Kafka commitId: e2494e6ffb89f828
2024-08-17 19:02:30 [pool-4-thread-1] INFO  o.a.kafka.common.utils.AppInfoParser - Kafka startTimeMs: 1723901550504
2024-08-17 19:02:30 [kafka-producer-network-thread | twitter-to-kafka-service-producer-1] INFO  org.apache.kafka.clients.Metadata - [Producer clientId=twitter-to-kafka-service-producer-1] Cluster ID: 09zPnfnTTyeRw60mdeUUHw
2024-08-17 19:02:30 [kafka-producer-network-thread | twitter-to-kafka-service-producer-1] INFO  o.a.k.c.p.i.TransactionManager - [Producer clientId=twitter-to-kafka-service-producer-1] ProducerId set to 5000 with epoch 0
2024-08-17 19:02:30 [kafka-producer-network-thread | twitter-to-kafka-service-producer-1] INFO  c.m.d.k.p.c.s.i.TwitterKafkaProducer - Received new metadata. Topic: twitter-topic; Partition 2; Offset 0; Timestamp 1723901550519, at time 36495672573800
2024-08-17 19:02:40 [pool-4-thread-1] INFO  c.m.d.t.t.k.s.l.TwitterKafkaStatusListener - Received status text quam semper consectetur laoreet ut nisi laoreet consectetur Microservices Sed consectetur consectetur amet at at sending to kafka topic twitter-topic
2024-08-17 19:02:40 [pool-4-thread-1] INFO  c.m.d.k.p.c.s.i.TwitterKafkaProducer - Sending message='{"userId": 5965713610309822592, "id": 8843306598771542135, "text": "quam semper consectetur laoreet ut nisi laoreet consectetur Microservices Sed consectetur consectetur amet at at", "createdAt": 1723901560000}' to topic='twitter-topic'
2024-08-17 19:02:40 [kafka-producer-network-thread | twitter-to-kafka-service-producer-1] INFO  c.m.d.k.p.c.s.i.TwitterKafkaProducer - Received new metadata. Topic: twitter-topic; Partition 0; Offset 0; Timestamp 1723901560934, at time 36505664067800
2024-08-17 19:02:50 [pool-4-thread-1] INFO  c.m.d.t.t.k.s.l.TwitterKafkaStatusListener - Received status text elit adipiscing semper Java fringilla ipsum sending to kafka topic twitter-topic
2024-08-17 19:02:50 [pool-4-thread-1] INFO  c.m.d.k.p.c.s.i.TwitterKafkaProducer - Sending message='{"userId": 8676881908495763510, "id": 7336430935966173553, "text": "elit adipiscing semper Java fringilla ipsum", "createdAt": 1723901570000}' to topic='twitter-topic'
2024-08-17 19:02:50 [kafka-producer-network-thread | twitter-to-kafka-service-producer-1] INFO  c.m.d.k.p.c.s.i.TwitterKafkaProducer - Received new metadata. Topic: twitter-topic; Partition 2; Offset 1; Timestamp 1723901570950, at time 36515651603300
2024-08-17 19:03:00 [pool-4-thread-1] INFO  c.m.d.t.t.k.s.l.TwitterKafkaStatusListener - Received status text Lorem Cras Cras Kafka at laoreet sending to kafka topic twitter-topic
2024-08-17 19:03:00 [pool-4-thread-1] INFO  c.m.d.k.p.c.s.i.TwitterKafkaProducer - Sending message='{"userId": 5579163139359224671, "id": 2741995003291558678, "text": "Lorem Cras Cras Kafka at laoreet", "createdAt": 1723901580000}' to topic='twitter-topic'
2024-08-17 19:03:00 [kafka-producer-network-thread | twitter-to-kafka-service-producer-1] INFO  c.m.d.k.p.c.s.i.TwitterKafkaProducer - Received new metadata. Topic: twitter-topic; Partition 2; Offset 2; Timestamp 1723901580954, at time 36525658981600
2024-08-17 19:03:10 [pool-4-thread-1] INFO  c.m.d.t.t.k.s.l.TwitterKafkaStatusListener - Received status text Lorem amet at Kafka dolor ipsum sending to kafka topic twitter-topic
2024-08-17 19:03:10 [pool-4-thread-1] INFO  c.m.d.k.p.c.s.i.TwitterKafkaProducer - Sending message='{"userId": 5222851377555956170, "id": 6955989262921248466, "text": "Lorem amet at Kafka dolor ipsum", "createdAt": 1723901590000}' to topic='twitter-topic'
2024-08-17 19:03:11 [kafka-producer-network-thread | twitter-to-kafka-service-producer-1] INFO  c.m.d.k.p.c.s.i.TwitterKafkaProducer - Received new metadata. Topic: twitter-topic; Partition 1; Offset 0; Timestamp 1723901590963, at time 36535702934100
2024-08-17 19:03:20 [pool-4-thread-1] INFO  c.m.d.t.t.k.s.l.TwitterKafkaStatusListener - Received status text ipsum nisi elit Elasticsearch venenatis fringilla sending to kafka topic twitter-topic
2024-08-17 19:03:20 [pool-4-thread-1] INFO  c.m.d.k.p.c.s.i.TwitterKafkaProducer - Sending message='{"userId": 377256174767252781, "id": 4761522047064016220, "text": "ipsum nisi elit Elasticsearch venenatis fringilla", "createdAt": 1723901600000}' to topic='twitter-topic'
2024-08-17 19:03:20 [kafka-producer-network-thread | twitter-to-kafka-service-producer-1] INFO  c.m.d.k.p.c.s.i.TwitterKafkaProducer - Received new metadata. Topic: twitter-topic; Partition 0; Offset 1; Timestamp 1723901600969, at time 36545673375300
2024-08-17 19:03:30 [pool-4-thread-1] INFO  c.m.d.t.t.k.s.l.TwitterKafkaStatusListener - Received status text sit venenatis consectetur sit laoreet Elasticsearch laoreet nisi sit sending to kafka topic twitter-topic
2024-08-17 19:03:30 [pool-4-thread-1] INFO  c.m.d.k.p.c.s.i.TwitterKafkaProducer - Sending message='{"userId": 2074885976897500922, "id": 3959195489487257181, "text": "sit venenatis consectetur sit laoreet Elasticsearch laoreet nisi sit", "createdAt": 1723901610000}' to topic='twitter-topic'
2024-08-17 19:03:31 [kafka-producer-network-thread | twitter-to-kafka-service-producer-1] INFO  c.m.d.k.p.c.s.i.TwitterKafkaProducer - Received new metadata. Topic: twitter-topic; Partition 2; Offset 3; Timestamp 1723901610981, at time 36555684635700
2024-08-17 19:03:40 [pool-4-thread-1] INFO  c.m.d.t.t.k.s.l.TwitterKafkaStatusListener - Received status text ipsum at semper consectetur laoreet venenatis Elasticsearch semper Cras laoreet dolor sending to kafka topic twitter-topic
2024-08-17 19:03:40 [pool-4-thread-1] INFO  c.m.d.k.p.c.s.i.TwitterKafkaProducer - Sending message='{"userId": 6298607252648041272, "id": 1653480480288498856, "text": "ipsum at semper consectetur laoreet venenatis Elasticsearch semper Cras laoreet dolor", "createdAt": 1723901620000}' to topic='twitter-topic'
2024-08-17 19:03:41 [kafka-producer-network-thread | twitter-to-kafka-service-producer-1] INFO  c.m.d.k.p.c.s.i.TwitterKafkaProducer - Received new metadata. Topic: twitter-topic; Partition 2; Offset 4; Timestamp 1723901620992, at time 36565695645700
2024-08-17 19:03:51 [pool-4-thread-1] INFO  c.m.d.t.t.k.s.l.TwitterKafkaStatusListener - Received status text fringilla semper elit adipiscing fringilla consectetur Lorem Microservices fringilla quam at consectetur fringilla sending to kafka topic twitter-topic
2024-08-17 19:03:51 [pool-4-thread-1] INFO  c.m.d.k.p.c.s.i.TwitterKafkaProducer - Sending message='{"userId": 1897052640253661771, "id": 4004873067693284216, "text": "fringilla semper elit adipiscing fringilla consectetur Lorem Microservices fringilla quam at consectetur fringilla", "createdAt": 1723901631000}' to topic='twitter-topic'
2024-08-17 19:03:51 [kafka-producer-network-thread | twitter-to-kafka-service-producer-1] INFO  c.m.d.k.p.c.s.i.TwitterKafkaProducer - Received new metadata. Topic: twitter-topic; Partition 0; Offset 2; Timestamp 1723901631005, at time 36575709554900
2024-08-17 19:04:01 [pool-4-thread-1] INFO  c.m.d.t.t.k.s.l.TwitterKafkaStatusListener - Received status text elit consectetur venenatis Sed venenatis Kafka amet Cras venenatis venenatis sending to kafka topic twitter-topic
2024-08-17 19:04:01 [pool-4-thread-1] INFO  c.m.d.k.p.c.s.i.TwitterKafkaProducer - Sending message='{"userId": 6945054556648957236, "id": 6317203433496917998, "text": "elit consectetur venenatis Sed venenatis Kafka amet Cras venenatis venenatis", "createdAt": 1723901641000}' to topic='twitter-topic'
2024-08-17 19:04:01 [kafka-producer-network-thread | twitter-to-kafka-service-producer-1] INFO  c.m.d.k.p.c.s.i.TwitterKafkaProducer - Received new metadata. Topic: twitter-topic; Partition 0; Offset 3; Timestamp 1723901641012, at time 36585714376700
2024-08-17 19:04:11 [pool-4-thread-1] INFO  c.m.d.t.t.k.s.l.TwitterKafkaStatusListener - Received status text sit ipsum amet sit Sed Java venenatis ut venenatis sending to kafka topic twitter-topic
2024-08-17 19:04:11 [pool-4-thread-1] INFO  c.m.d.k.p.c.s.i.TwitterKafkaProducer - Sending message='{"userId": 464629300127364416, "id": 2907057383908197626, "text": "sit ipsum amet sit Sed Java venenatis ut venenatis", "createdAt": 1723901651000}' to topic='twitter-topic'
2024-08-17 19:04:11 [kafka-producer-network-thread | twitter-to-kafka-service-producer-1] INFO  c.m.d.k.p.c.s.i.TwitterKafkaProducer - Received new metadata. Topic: twitter-topic; Partition 1; Offset 1; Timestamp 1723901651019, at time 36595726891000
2024-08-17 19:04:21 [pool-4-thread-1] INFO  c.m.d.t.t.k.s.l.TwitterKafkaStatusListener - Received status text sit Sed venenatis elit fringilla Elasticsearch ipsum sit at at sending to kafka topic twitter-topic
2024-08-17 19:04:21 [pool-4-thread-1] INFO  c.m.d.k.p.c.s.i.TwitterKafkaProducer - Sending message='{"userId": 5875837772115861744, "id": 7572903996719373108, "text": "sit Sed venenatis elit fringilla Elasticsearch ipsum sit at at", "createdAt": 1723901661000}' to topic='twitter-topic'
2024-08-17 19:04:21 [kafka-producer-network-thread | twitter-to-kafka-service-producer-1] INFO  c.m.d.k.p.c.s.i.TwitterKafkaProducer - Received new metadata. Topic: twitter-topic; Partition 1; Offset 2; Timestamp 1723901661025, at time 36605727608700
2024-08-17 19:04:30 [SpringApplicationShutdownHook] INFO  o.a.k.clients.producer.KafkaProducer - [Producer clientId=twitter-to-kafka-service-producer-1] Closing the Kafka producer with timeoutMillis = 30000 ms.
2024-08-17 19:04:30 [SpringApplicationShutdownHook] INFO  o.a.kafka.common.metrics.Metrics - Metrics scheduler closed
2024-08-17 19:04:30 [SpringApplicationShutdownHook] INFO  o.a.kafka.common.metrics.Metrics - Closing reporter org.apache.kafka.common.metrics.JmxReporter
2024-08-17 19:04:30 [SpringApplicationShutdownHook] INFO  o.a.kafka.common.metrics.Metrics - Closing reporter org.apache.kafka.common.telemetry.internals.ClientTelemetryReporter
2024-08-17 19:04:30 [SpringApplicationShutdownHook] INFO  o.a.kafka.common.metrics.Metrics - Metrics reporters closed
2024-08-17 19:04:30 [SpringApplicationShutdownHook] INFO  o.a.kafka.common.utils.AppInfoParser - App info kafka.producer for twitter-to-kafka-service-producer-1 unregistered
2024-08-17 19:04:30 [kafka-admin-client-thread | adminclient-1] INFO  o.a.kafka.common.utils.AppInfoParser - App info kafka.admin.client for adminclient-1 unregistered
2024-08-17 19:04:30 [kafka-admin-client-thread | adminclient-1] INFO  o.a.kafka.common.metrics.Metrics - Metrics scheduler closed
2024-08-17 19:04:30 [kafka-admin-client-thread | adminclient-1] INFO  o.a.kafka.common.metrics.Metrics - Closing reporter org.apache.kafka.common.metrics.JmxReporter
2024-08-17 19:04:30 [kafka-admin-client-thread | adminclient-1] INFO  o.a.kafka.common.metrics.Metrics - Metrics reporters closed
